[ 2019-01-05T17:54:29+08:00 ] 127.0.0.1 127.0.0.1 GET /index.php/admin/demo/tablefixed.html
[ log ] www.xunjia.net/index.php/admin/demo/tablefixed.html [运行时间：0.065430s][吞吐率：15.28req/s] [内存消耗：6,120.66kb] [文件加载：70]
[ info ] [ LANG ] D:\lp\WWW\tpAdmin\thinkphp\lang\zh-cn.php
[ info ] [ ROUTE ] array (
  'type' => 'module',
  'module' => 
  array (
    0 => 'admin',
    1 => 'demo',
    2 => 'tablefixed',
  ),
)
[ info ] [ HEADER ] array (
  'cookie' => 'thinkphp_show_page_trace=0|0; Hm_lvt_f8d0a8c400404989e195270b0bbf060a=1546509567,1546564875; PHPSESSID=9jh14dfpv1qiqqfnhbaphdj9h3',
  'accept-language' => 'zh-CN,zh;q=0.9',
  'accept-encoding' => 'gzip, deflate',
  'referer' => 'http://www.xunjia.net/index.php/admin/index/index.html',
  'accept' => 'text/html,application/xhtml+xml,application/xml;q=0.9,image/webp,image/apng,*/*;q=0.8',
  'user-agent' => 'Mozilla/5.0 (Windows NT 6.1; Win64; x64) AppleWebKit/537.36 (KHTML, like Gecko) Chrome/70.0.3538.110 Safari/537.36',
  'upgrade-insecure-requests' => '1',
  'connection' => 'close',
  'host' => 'www.xunjia.net',
)
[ info ] [ PARAM ] array (
)
[ info ] [ SESSION ] INIT array (
  'id' => '',
  'var_session_id' => '',
  'prefix' => 'think',
  'type' => '',
  'auto_start' => true,
)
[ info ] [ BEHAVIOR ] Run \app\common\behavior\WebLog @module_init [ RunTime:0.004883s ]
[ info ] [ RUN ] app\admin\controller\Demo->tableFixed[ D:\lp\WWW\tpAdmin\application\admin\controller\Demo.php ]
[ info ] [ VIEW ] D:\lp\WWW\tpAdmin\public/../application/admin\view\demo\tablefixed.html [ array (
) ]
[ info ] [ DB ] INIT mysql
[ info ] [ BEHAVIOR ] Run \app\common\behavior\WebLog @app_end [ RunTime:0.019531s ]
[ info ] [ LOG ] INIT File
[ sql ] [ DB ] CONNECT:[ UseTime:0.002930s ] mysql:dbname=xunjia;host=127.0.0.1;charset=utf8
[ sql ] [ SQL ] SHOW COLUMNS FROM `tp_web_log_all` [ RunTime:0.009766s ]
[ sql ] [ SQL ] INSERT INTO `tp_web_log_all` (`uid` , `ip` , `location` , `os` , `browser` , `url` , `module` , `controller` , `action` , `method` , `data` , `create_at`) VALUES (1 , '127.0.0.1' , '本机地址 本机地址  ' , 'Windows 7' , 'Chrome(70.0.3538.110)' , 'http://www.xunjia.net/index.php/admin/demo/tablefixed.html' , 'admin' , 'Demo' , 'tablefixed' , 'GET' , 'a:0:{}' , 1546682069) [ RunTime:0.000976s ]

---------------------------------------------------------------
[ 2019-01-05T17:54:32+08:00 ] 127.0.0.1 127.0.0.1 GET /index.php/admin/demo/qiniu.html
[ log ] www.xunjia.net/index.php/admin/demo/qiniu.html [运行时间：0.060547s][吞吐率：16.52req/s] [内存消耗：6,108.16kb] [文件加载：70]
[ info ] [ LANG ] D:\lp\WWW\tpAdmin\thinkphp\lang\zh-cn.php
[ info ] [ ROUTE ] array (
  'type' => 'module',
  'module' => 
  array (
    0 => 'admin',
    1 => 'demo',
    2 => 'qiniu',
  ),
)
[ info ] [ HEADER ] array (
  'cookie' => 'thinkphp_show_page_trace=0|0; Hm_lvt_f8d0a8c400404989e195270b0bbf060a=1546509567,1546564875; PHPSESSID=9jh14dfpv1qiqqfnhbaphdj9h3',
  'accept-language' => 'zh-CN,zh;q=0.9',
  'accept-encoding' => 'gzip, deflate',
  'referer' => 'http://www.xunjia.net/index.php/admin/index/index.html',
  'accept' => 'text/html,application/xhtml+xml,application/xml;q=0.9,image/webp,image/apng,*/*;q=0.8',
  'user-agent' => 'Mozilla/5.0 (Windows NT 6.1; Win64; x64) AppleWebKit/537.36 (KHTML, like Gecko) Chrome/70.0.3538.110 Safari/537.36',
  'upgrade-insecure-requests' => '1',
  'connection' => 'close',
  'host' => 'www.xunjia.net',
)
[ info ] [ PARAM ] array (
)
[ info ] [ SESSION ] INIT array (
  'id' => '',
  'var_session_id' => '',
  'prefix' => 'think',
  'type' => '',
  'auto_start' => true,
)
[ info ] [ BEHAVIOR ] Run \app\common\behavior\WebLog @module_init [ RunTime:0.006836s ]
[ info ] [ RUN ] app\admin\controller\Demo->qiniu[ D:\lp\WWW\tpAdmin\application\admin\controller\Demo.php ]
[ info ] [ VIEW ] D:\lp\WWW\tpAdmin\public/../application/admin\view\demo\qiniu.html [ array (
) ]
[ info ] [ DB ] INIT mysql
[ info ] [ BEHAVIOR ] Run \app\common\behavior\WebLog @app_end [ RunTime:0.020508s ]
[ info ] [ LOG ] INIT File
[ sql ] [ DB ] CONNECT:[ UseTime:0.002929s ] mysql:dbname=xunjia;host=127.0.0.1;charset=utf8
[ sql ] [ SQL ] SHOW COLUMNS FROM `tp_web_log_all` [ RunTime:0.009766s ]
[ sql ] [ SQL ] INSERT INTO `tp_web_log_all` (`uid` , `ip` , `location` , `os` , `browser` , `url` , `module` , `controller` , `action` , `method` , `data` , `create_at`) VALUES (1 , '127.0.0.1' , '本机地址 本机地址  ' , 'Windows 7' , 'Chrome(70.0.3538.110)' , 'http://www.xunjia.net/index.php/admin/demo/qiniu.html' , 'admin' , 'Demo' , 'qiniu' , 'GET' , 'a:0:{}' , 1546682072) [ RunTime:0.000000s ]

---------------------------------------------------------------
[ 2019-01-05T18:28:20+08:00 ] 127.0.0.1 127.0.0.1 GET /
[ log ] www.xunjia.net/ [运行时间：0.030273s][吞吐率：33.03req/s] [内存消耗：1,011.20kb] [文件加载：41]
[ info ] [ LANG ] D:\lp\WWW\tpAdmin\thinkphp\lang\zh-cn.php
[ info ] [ ROUTE ] array (
  'type' => 'module',
  'module' => 
  array (
    0 => '',
    1 => NULL,
    2 => NULL,
  ),
)
[ info ] [ HEADER ] array (
  'cookie' => 'Hm_lvt_f8d0a8c400404989e195270b0bbf060a=1546509567,1546564875; PHPSESSID=9jh14dfpv1qiqqfnhbaphdj9h3',
  'accept-language' => 'zh-CN,zh;q=0.9',
  'accept-encoding' => 'gzip, deflate',
  'accept' => 'text/html,application/xhtml+xml,application/xml;q=0.9,image/webp,image/apng,*/*;q=0.8',
  'user-agent' => 'Mozilla/5.0 (Windows NT 6.1; Win64; x64) AppleWebKit/537.36 (KHTML, like Gecko) Chrome/70.0.3538.110 Safari/537.36',
  'upgrade-insecure-requests' => '1',
  'purpose' => 'prefetch',
  'connection' => 'close',
  'host' => 'www.xunjia.net',
)
[ info ] [ PARAM ] array (
)
[ info ] [ RUN ] app\index\controller\Index->index[ D:\lp\WWW\tpAdmin\application\index\controller\Index.php ]
[ info ] [ LOG ] INIT File

---------------------------------------------------------------
[ 2019-01-05T18:53:28+08:00 ] 127.0.0.1 127.0.0.1 GET /index.php/admin/index/index.html
[ log ] www.xunjia.net/index.php/admin/index/index.html [运行时间：0.094727s][吞吐率：10.56req/s] [内存消耗：6,208.35kb] [文件加载：72]
[ info ] [ LANG ] D:\lp\WWW\tpAdmin\thinkphp\lang\zh-cn.php
[ info ] [ ROUTE ] array (
  'type' => 'module',
  'module' => 
  array (
    0 => 'admin',
    1 => 'index',
    2 => 'index',
  ),
)
[ info ] [ HEADER ] array (
  'cookie' => 'thinkphp_show_page_trace=0|0; Hm_lvt_f8d0a8c400404989e195270b0bbf060a=1546509567,1546564875; PHPSESSID=9jh14dfpv1qiqqfnhbaphdj9h3',
  'accept-language' => 'zh-CN,zh;q=0.9',
  'accept-encoding' => 'gzip, deflate',
  'accept' => 'text/html,application/xhtml+xml,application/xml;q=0.9,image/webp,image/apng,*/*;q=0.8',
  'user-agent' => 'Mozilla/5.0 (Windows NT 6.1; Win64; x64) AppleWebKit/537.36 (KHTML, like Gecko) Chrome/70.0.3538.110 Safari/537.36',
  'upgrade-insecure-requests' => '1',
  'cache-control' => 'max-age=0',
  'connection' => 'close',
  'host' => 'www.xunjia.net',
)
[ info ] [ PARAM ] array (
)
[ info ] [ SESSION ] INIT array (
  'id' => '',
  'var_session_id' => '',
  'prefix' => 'think',
  'type' => '',
  'auto_start' => true,
)
[ info ] [ BEHAVIOR ] Run \app\common\behavior\WebLog @module_init [ RunTime:0.006836s ]
[ info ] [ RUN ] app\admin\controller\Index->index[ D:\lp\WWW\tpAdmin\application\admin\controller\Index.php ]
[ info ] [ DB ] INIT mysql
[ info ] [ VIEW ] D:\lp\WWW\tpAdmin\public/../application/admin\view\index\index.html [ array (
  0 => 'groups',
  1 => 'menu',
) ]
[ info ] [ RUN ] app\admin\widget\Index->menu[ D:\lp\WWW\tpAdmin\application\admin\widget\Index.php ]
[ info ] [ RUN ] app\admin\widget\Index->menu[ D:\lp\WWW\tpAdmin\application\admin\widget\Index.php ]
[ info ] [ RUN ] app\admin\widget\Index->menu[ D:\lp\WWW\tpAdmin\application\admin\widget\Index.php ]
[ info ] [ RUN ] app\admin\widget\Index->menu[ D:\lp\WWW\tpAdmin\application\admin\widget\Index.php ]
[ info ] [ RUN ] app\admin\widget\Index->menu[ D:\lp\WWW\tpAdmin\application\admin\widget\Index.php ]
[ info ] [ RUN ] app\admin\widget\Index->menu[ D:\lp\WWW\tpAdmin\application\admin\widget\Index.php ]
[ info ] [ RUN ] app\admin\widget\Index->menu[ D:\lp\WWW\tpAdmin\application\admin\widget\Index.php ]
[ info ] [ RUN ] app\admin\widget\Index->menu[ D:\lp\WWW\tpAdmin\application\admin\widget\Index.php ]
[ info ] [ RUN ] app\admin\widget\Index->menu[ D:\lp\WWW\tpAdmin\application\admin\widget\Index.php ]
[ info ] [ RUN ] app\admin\widget\Index->menu[ D:\lp\WWW\tpAdmin\application\admin\widget\Index.php ]
[ info ] [ RUN ] app\admin\widget\Index->menu[ D:\lp\WWW\tpAdmin\application\admin\widget\Index.php ]
[ info ] [ RUN ] app\admin\widget\Index->menu[ D:\lp\WWW\tpAdmin\application\admin\widget\Index.php ]
[ info ] [ RUN ] app\admin\widget\Index->menu[ D:\lp\WWW\tpAdmin\application\admin\widget\Index.php ]
[ info ] [ RUN ] app\admin\widget\Index->menu[ D:\lp\WWW\tpAdmin\application\admin\widget\Index.php ]
[ info ] [ RUN ] app\admin\widget\Index->menu[ D:\lp\WWW\tpAdmin\application\admin\widget\Index.php ]
[ info ] [ RUN ] app\admin\widget\Index->menu[ D:\lp\WWW\tpAdmin\application\admin\widget\Index.php ]
[ info ] [ RUN ] app\admin\widget\Index->menu[ D:\lp\WWW\tpAdmin\application\admin\widget\Index.php ]
[ info ] [ RUN ] app\admin\widget\Index->menu[ D:\lp\WWW\tpAdmin\application\admin\widget\Index.php ]
[ info ] [ RUN ] app\admin\widget\Index->menu[ D:\lp\WWW\tpAdmin\application\admin\widget\Index.php ]
[ info ] [ RUN ] app\admin\widget\Index->menu[ D:\lp\WWW\tpAdmin\application\admin\widget\Index.php ]
[ info ] [ RUN ] app\admin\widget\Index->menu[ D:\lp\WWW\tpAdmin\application\admin\widget\Index.php ]
[ info ] [ RUN ] app\admin\widget\Index->menu[ D:\lp\WWW\tpAdmin\application\admin\widget\Index.php ]
[ info ] [ RUN ] app\admin\widget\Index->menu[ D:\lp\WWW\tpAdmin\application\admin\widget\Index.php ]
[ info ] [ RUN ] app\admin\widget\Index->menu[ D:\lp\WWW\tpAdmin\application\admin\widget\Index.php ]
[ info ] [ RUN ] app\admin\widget\Index->menu[ D:\lp\WWW\tpAdmin\application\admin\widget\Index.php ]
[ info ] [ BEHAVIOR ] Run \app\common\behavior\WebLog @app_end [ RunTime:0.012695s ]
[ info ] [ LOG ] INIT File
[ sql ] [ DB ] CONNECT:[ UseTime:0.003907s ] mysql:dbname=xunjia;host=127.0.0.1;charset=utf8
[ sql ] [ SQL ] SHOW COLUMNS FROM `tp_admin_node` [ RunTime:0.010742s ]
[ sql ] [ SQL ] SELECT `id`,`pid`,`name`,`group_id`,`title`,`type` FROM `tp_admin_node` WHERE  (  status=1 AND group_id > 0 ) [ RunTime:0.000976s ]
[ sql ] [ SQL ] SHOW COLUMNS FROM `tp_admin_group` [ RunTime:0.010743s ]
[ sql ] [ SQL ] SELECT `id`,`name`,`icon` FROM `tp_admin_group` WHERE  `id` IN (1,2,3,5)  AND `status` = 1 ORDER BY sort asc,id asc [ RunTime:0.000000s ]
[ sql ] [ SQL ] SHOW COLUMNS FROM `tp_web_log_all` [ RunTime:0.010742s ]
[ sql ] [ SQL ] INSERT INTO `tp_web_log_all` (`uid` , `ip` , `location` , `os` , `browser` , `url` , `module` , `controller` , `action` , `method` , `data` , `create_at`) VALUES (1 , '127.0.0.1' , '本机地址 本机地址  ' , 'Windows 7' , 'Chrome(70.0.3538.110)' , 'http://www.xunjia.net/index.php/admin/index/index.html' , 'admin' , 'Index' , 'index' , 'GET' , 'a:0:{}' , 1546685608) [ RunTime:0.000977s ]

---------------------------------------------------------------
[ 2019-01-05T18:53:28+08:00 ] 127.0.0.1 127.0.0.1 GET /index.php/admin/index/welcome.html
[ log ] www.xunjia.net/index.php/admin/index/welcome.html [运行时间：0.079102s][吞吐率：12.64req/s] [内存消耗：6,153.53kb] [文件加载：70]
[ info ] [ LANG ] D:\lp\WWW\tpAdmin\thinkphp\lang\zh-cn.php
[ info ] [ ROUTE ] array (
  'type' => 'module',
  'module' => 
  array (
    0 => 'admin',
    1 => 'index',
    2 => 'welcome',
  ),
)
[ info ] [ HEADER ] array (
  'cookie' => 'thinkphp_show_page_trace=0|0; Hm_lvt_f8d0a8c400404989e195270b0bbf060a=1546509567,1546564875; PHPSESSID=9jh14dfpv1qiqqfnhbaphdj9h3',
  'accept-language' => 'zh-CN,zh;q=0.9',
  'accept-encoding' => 'gzip, deflate',
  'referer' => 'http://www.xunjia.net/index.php/admin/index/index.html',
  'accept' => 'text/html,application/xhtml+xml,application/xml;q=0.9,image/webp,image/apng,*/*;q=0.8',
  'user-agent' => 'Mozilla/5.0 (Windows NT 6.1; Win64; x64) AppleWebKit/537.36 (KHTML, like Gecko) Chrome/70.0.3538.110 Safari/537.36',
  'upgrade-insecure-requests' => '1',
  'connection' => 'close',
  'host' => 'www.xunjia.net',
)
[ info ] [ PARAM ] array (
)
[ info ] [ SESSION ] INIT array (
  'id' => '',
  'var_session_id' => '',
  'prefix' => 'think',
  'type' => '',
  'auto_start' => true,
)
[ info ] [ BEHAVIOR ] Run \app\common\behavior\WebLog @module_init [ RunTime:0.006836s ]
[ info ] [ RUN ] app\admin\controller\Index->welcome[ D:\lp\WWW\tpAdmin\application\admin\controller\Index.php ]
[ info ] [ DB ] INIT mysql
[ info ] [ VIEW ] D:\lp\WWW\tpAdmin\public/../application/admin\view\index\welcome.html [ array (
  0 => 'last_login_ip',
  1 => 'last_login_loc',
  2 => 'current_login_ip',
  3 => 'current_login_loc',
  4 => 'info',
) ]
[ info ] [ BEHAVIOR ] Run \app\common\behavior\WebLog @app_end [ RunTime:0.011719s ]
[ info ] [ LOG ] INIT File
[ sql ] [ DB ] CONNECT:[ UseTime:0.002929s ] mysql:dbname=xunjia;host=127.0.0.1;charset=utf8
[ sql ] [ SQL ] SHOW COLUMNS FROM `tp_admin_user` [ RunTime:0.010742s ]
[ sql ] [ SQL ] SELECT * FROM `tp_admin_user` WHERE  `id` = 1 LIMIT 1 [ RunTime:0.000977s ]
[ sql ] [ SQL ] SHOW COLUMNS FROM `tp_web_log_all` [ RunTime:0.009766s ]
[ sql ] [ SQL ] INSERT INTO `tp_web_log_all` (`uid` , `ip` , `location` , `os` , `browser` , `url` , `module` , `controller` , `action` , `method` , `data` , `create_at`) VALUES (1 , '127.0.0.1' , '本机地址 本机地址  ' , 'Windows 7' , 'Chrome(70.0.3538.110)' , 'http://www.xunjia.net/index.php/admin/index/welcome.html' , 'admin' , 'Index' , 'welcome' , 'GET' , 'a:0:{}' , 1546685608) [ RunTime:0.000977s ]

---------------------------------------------------------------
[ 2019-01-05T18:53:31+08:00 ] 127.0.0.1 127.0.0.1 GET /index.php/admin/industry_news/index.html
[ log ] www.xunjia.net/index.php/admin/industry_news/index.html [运行时间：0.083008s][吞吐率：12.05req/s] [内存消耗：6,412.26kb] [文件加载：76]
[ info ] [ LANG ] D:\lp\WWW\tpAdmin\thinkphp\lang\zh-cn.php
[ info ] [ ROUTE ] array (
  'type' => 'module',
  'module' => 
  array (
    0 => 'admin',
    1 => 'industry_news',
    2 => 'index',
  ),
)
[ info ] [ HEADER ] array (
  'cookie' => 'thinkphp_show_page_trace=0|0; Hm_lvt_f8d0a8c400404989e195270b0bbf060a=1546509567,1546564875; PHPSESSID=9jh14dfpv1qiqqfnhbaphdj9h3',
  'accept-language' => 'zh-CN,zh;q=0.9',
  'accept-encoding' => 'gzip, deflate',
  'referer' => 'http://www.xunjia.net/index.php/admin/index/index.html',
  'accept' => 'text/html,application/xhtml+xml,application/xml;q=0.9,image/webp,image/apng,*/*;q=0.8',
  'user-agent' => 'Mozilla/5.0 (Windows NT 6.1; Win64; x64) AppleWebKit/537.36 (KHTML, like Gecko) Chrome/70.0.3538.110 Safari/537.36',
  'upgrade-insecure-requests' => '1',
  'connection' => 'close',
  'host' => 'www.xunjia.net',
)
[ info ] [ PARAM ] array (
)
[ info ] [ SESSION ] INIT array (
  'id' => '',
  'var_session_id' => '',
  'prefix' => 'think',
  'type' => '',
  'auto_start' => true,
)
[ info ] [ BEHAVIOR ] Run \app\common\behavior\WebLog @module_init [ RunTime:0.005859s ]
[ info ] [ RUN ] app\admin\controller\IndustryNews->index[ D:\lp\WWW\tpAdmin\application\admin\traits\controller\Controller.php ]
[ info ] [ DB ] INIT mysql
[ info ] [ VIEW ] D:\lp\WWW\tpAdmin\public/../application/admin\view\industry_news\index.html [ array (
  0 => 'list',
  1 => 'count',
  2 => 'page',
  3 => 'numPerPage',
) ]
[ info ] [ BEHAVIOR ] Run \app\common\behavior\WebLog @app_end [ RunTime:0.011719s ]
[ info ] [ LOG ] INIT File
[ sql ] [ DB ] CONNECT:[ UseTime:0.002930s ] mysql:dbname=xunjia;host=127.0.0.1;charset=utf8
[ sql ] [ SQL ] SHOW COLUMNS FROM `tp_industry_news` [ RunTime:0.010742s ]
[ sql ] [ SQL ] SELECT COUNT(*) AS tp_count FROM `tp_industry_news` WHERE  `isdelete` = 0 LIMIT 1 [ RunTime:0.000000s ]
[ sql ] [ SQL ] SELECT * FROM `tp_industry_news` WHERE  `isdelete` = 0 ORDER BY id desc LIMIT 0,20 [ RunTime:0.000977s ]
[ sql ] [ SQL ] SHOW COLUMNS FROM `tp_web_log_all` [ RunTime:0.009766s ]
[ sql ] [ SQL ] INSERT INTO `tp_web_log_all` (`uid` , `ip` , `location` , `os` , `browser` , `url` , `module` , `controller` , `action` , `method` , `data` , `create_at`) VALUES (1 , '127.0.0.1' , '本机地址 本机地址  ' , 'Windows 7' , 'Chrome(70.0.3538.110)' , 'http://www.xunjia.net/index.php/admin/industry_news/index.html' , 'admin' , 'IndustryNews' , 'index' , 'GET' , 'a:0:{}' , 1546685611) [ RunTime:0.000000s ]

---------------------------------------------------------------
[ 2019-01-05T18:53:31+08:00 ] 127.0.0.1 127.0.0.1 GET /index.php/admin/industry_news/re
[ log ] www.xunjia.net/index.php/admin/industry_news/re [运行时间：0.047852s][吞吐率：20.90req/s] [内存消耗：5,569.25kb] [文件加载：68]
[ info ] [ LANG ] D:\lp\WWW\tpAdmin\thinkphp\lang\zh-cn.php
[ info ] [ ROUTE ] array (
  'type' => 'module',
  'module' => 
  array (
    0 => 'admin',
    1 => 'industry_news',
    2 => 're',
  ),
)
[ info ] [ HEADER ] array (
  'cookie' => 'thinkphp_show_page_trace=0|0; Hm_lvt_f8d0a8c400404989e195270b0bbf060a=1546509567,1546564875; PHPSESSID=9jh14dfpv1qiqqfnhbaphdj9h3',
  'accept-language' => 'zh-CN,zh;q=0.9',
  'accept-encoding' => 'gzip, deflate',
  'referer' => 'http://www.xunjia.net/index.php/admin/industry_news/index.html',
  'accept' => 'image/webp,image/apng,image/*,*/*;q=0.8',
  'user-agent' => 'Mozilla/5.0 (Windows NT 6.1; Win64; x64) AppleWebKit/537.36 (KHTML, like Gecko) Chrome/70.0.3538.110 Safari/537.36',
  'connection' => 'close',
  'host' => 'www.xunjia.net',
)
[ info ] [ PARAM ] array (
)
[ info ] [ SESSION ] INIT array (
  'id' => '',
  'var_session_id' => '',
  'prefix' => 'think',
  'type' => '',
  'auto_start' => true,
)
[ info ] [ BEHAVIOR ] Run \app\common\behavior\WebLog @module_init [ RunTime:0.006836s ]
[ info ] [ LOG ] INIT File

---------------------------------------------------------------
[ 2019-01-05T18:53:32+08:00 ] 127.0.0.1 127.0.0.1 GET /index.php/admin/industry_news/%E8%BF%87%E5%A5%BD%E5%87%A0%E4%B8%AA%E5%A5%BD%E5%87%A0%E4%B8%AA
[ log ] www.xunjia.net/index.php/admin/industry_news/%E8%BF%87%E5%A5%BD%E5%87%A0%E4%B8%AA%E5%A5%BD%E5%87%A0%E4%B8%AA [运行时间：0.046875s][吞吐率：21.33req/s] [内存消耗：5,569.48kb] [文件加载：68]
[ info ] [ LANG ] D:\lp\WWW\tpAdmin\thinkphp\lang\zh-cn.php
[ info ] [ ROUTE ] array (
  'type' => 'module',
  'module' => 
  array (
    0 => 'admin',
    1 => 'industry_news',
    2 => '过好几个好几个',
  ),
)
[ info ] [ HEADER ] array (
  'cookie' => 'thinkphp_show_page_trace=0|0; Hm_lvt_f8d0a8c400404989e195270b0bbf060a=1546509567,1546564875; PHPSESSID=9jh14dfpv1qiqqfnhbaphdj9h3',
  'accept-language' => 'zh-CN,zh;q=0.9',
  'accept-encoding' => 'gzip, deflate',
  'referer' => 'http://www.xunjia.net/index.php/admin/industry_news/index.html',
  'accept' => 'image/webp,image/apng,image/*,*/*;q=0.8',
  'user-agent' => 'Mozilla/5.0 (Windows NT 6.1; Win64; x64) AppleWebKit/537.36 (KHTML, like Gecko) Chrome/70.0.3538.110 Safari/537.36',
  'connection' => 'close',
  'host' => 'www.xunjia.net',
)
[ info ] [ PARAM ] array (
)
[ info ] [ SESSION ] INIT array (
  'id' => '',
  'var_session_id' => '',
  'prefix' => 'think',
  'type' => '',
  'auto_start' => true,
)
[ info ] [ BEHAVIOR ] Run \app\common\behavior\WebLog @module_init [ RunTime:0.006836s ]
[ info ] [ LOG ] INIT File

---------------------------------------------------------------
[ 2019-01-05T18:53:34+08:00 ] 127.0.0.1 127.0.0.1 GET /index.php/admin/about_us/index.html
[ log ] www.xunjia.net/index.php/admin/about_us/index.html [运行时间：0.076172s][吞吐率：13.13req/s] [内存消耗：6,403.01kb] [文件加载：78]
[ info ] [ LANG ] D:\lp\WWW\tpAdmin\thinkphp\lang\zh-cn.php
[ info ] [ ROUTE ] array (
  'type' => 'module',
  'module' => 
  array (
    0 => 'admin',
    1 => 'about_us',
    2 => 'index',
  ),
)
[ info ] [ HEADER ] array (
  'cookie' => 'thinkphp_show_page_trace=0|0; Hm_lvt_f8d0a8c400404989e195270b0bbf060a=1546509567,1546564875; PHPSESSID=9jh14dfpv1qiqqfnhbaphdj9h3',
  'accept-language' => 'zh-CN,zh;q=0.9',
  'accept-encoding' => 'gzip, deflate',
  'referer' => 'http://www.xunjia.net/index.php/admin/index/index.html',
  'accept' => 'text/html,application/xhtml+xml,application/xml;q=0.9,image/webp,image/apng,*/*;q=0.8',
  'user-agent' => 'Mozilla/5.0 (Windows NT 6.1; Win64; x64) AppleWebKit/537.36 (KHTML, like Gecko) Chrome/70.0.3538.110 Safari/537.36',
  'upgrade-insecure-requests' => '1',
  'connection' => 'close',
  'host' => 'www.xunjia.net',
)
[ info ] [ PARAM ] array (
)
[ info ] [ SESSION ] INIT array (
  'id' => '',
  'var_session_id' => '',
  'prefix' => 'think',
  'type' => '',
  'auto_start' => true,
)
[ info ] [ BEHAVIOR ] Run \app\common\behavior\WebLog @module_init [ RunTime:0.006836s ]
[ info ] [ RUN ] app\admin\controller\AboutUs->index[ D:\lp\WWW\tpAdmin\application\admin\traits\controller\Controller.php ]
[ info ] [ DB ] INIT mysql
[ info ] [ LOG ] INIT File
[ sql ] [ DB ] CONNECT:[ UseTime:0.003906s ] mysql:dbname=xunjia;host=127.0.0.1;charset=utf8
[ sql ] [ SQL ] SHOW COLUMNS FROM `tp_about_us` [ RunTime:0.009765s ]
[ sql ] [ SQL ] SELECT COUNT(*) AS tp_count FROM `tp_about_us` LIMIT 1 [ RunTime:0.000000s ]
[ sql ] [ SQL ] SELECT * FROM `tp_about_us` ORDER BY id desc LIMIT 0,20 [ RunTime:0.000977s ]
[ error ] [0]模板文件不存在:D:\lp\WWW\tpAdmin\public/../application/admin\view\about_us\index.html[D:\lp\WWW\tpAdmin\thinkphp\library\think\view\driver\Think.php:80]

---------------------------------------------------------------
[ 2019-01-05T18:57:54+08:00 ] 127.0.0.1 127.0.0.1 GET /index.php/admin/index/index.html
[ log ] www.xunjia.net/index.php/admin/index/index.html [运行时间：0.091797s][吞吐率：10.89req/s] [内存消耗：6,208.35kb] [文件加载：72]
[ info ] [ LANG ] D:\lp\WWW\tpAdmin\thinkphp\lang\zh-cn.php
[ info ] [ ROUTE ] array (
  'type' => 'module',
  'module' => 
  array (
    0 => 'admin',
    1 => 'index',
    2 => 'index',
  ),
)
[ info ] [ HEADER ] array (
  'cookie' => 'thinkphp_show_page_trace=0|0; Hm_lvt_f8d0a8c400404989e195270b0bbf060a=1546509567,1546564875; PHPSESSID=9jh14dfpv1qiqqfnhbaphdj9h3',
  'accept-language' => 'zh-CN,zh;q=0.9',
  'accept-encoding' => 'gzip, deflate',
  'accept' => 'text/html,application/xhtml+xml,application/xml;q=0.9,image/webp,image/apng,*/*;q=0.8',
  'user-agent' => 'Mozilla/5.0 (Windows NT 6.1; Win64; x64) AppleWebKit/537.36 (KHTML, like Gecko) Chrome/70.0.3538.110 Safari/537.36',
  'upgrade-insecure-requests' => '1',
  'cache-control' => 'max-age=0',
  'connection' => 'close',
  'host' => 'www.xunjia.net',
)
[ info ] [ PARAM ] array (
)
[ info ] [ SESSION ] INIT array (
  'id' => '',
  'var_session_id' => '',
  'prefix' => 'think',
  'type' => '',
  'auto_start' => true,
)
[ info ] [ BEHAVIOR ] Run \app\common\behavior\WebLog @module_init [ RunTime:0.005860s ]
[ info ] [ RUN ] app\admin\controller\Index->index[ D:\lp\WWW\tpAdmin\application\admin\controller\Index.php ]
[ info ] [ DB ] INIT mysql
[ info ] [ VIEW ] D:\lp\WWW\tpAdmin\public/../application/admin\view\index\index.html [ array (
  0 => 'groups',
  1 => 'menu',
) ]
[ info ] [ RUN ] app\admin\widget\Index->menu[ D:\lp\WWW\tpAdmin\application\admin\widget\Index.php ]
[ info ] [ RUN ] app\admin\widget\Index->menu[ D:\lp\WWW\tpAdmin\application\admin\widget\Index.php ]
[ info ] [ RUN ] app\admin\widget\Index->menu[ D:\lp\WWW\tpAdmin\application\admin\widget\Index.php ]
[ info ] [ RUN ] app\admin\widget\Index->menu[ D:\lp\WWW\tpAdmin\application\admin\widget\Index.php ]
[ info ] [ RUN ] app\admin\widget\Index->menu[ D:\lp\WWW\tpAdmin\application\admin\widget\Index.php ]
[ info ] [ RUN ] app\admin\widget\Index->menu[ D:\lp\WWW\tpAdmin\application\admin\widget\Index.php ]
[ info ] [ RUN ] app\admin\widget\Index->menu[ D:\lp\WWW\tpAdmin\application\admin\widget\Index.php ]
[ info ] [ RUN ] app\admin\widget\Index->menu[ D:\lp\WWW\tpAdmin\application\admin\widget\Index.php ]
[ info ] [ RUN ] app\admin\widget\Index->menu[ D:\lp\WWW\tpAdmin\application\admin\widget\Index.php ]
[ info ] [ RUN ] app\admin\widget\Index->menu[ D:\lp\WWW\tpAdmin\application\admin\widget\Index.php ]
[ info ] [ RUN ] app\admin\widget\Index->menu[ D:\lp\WWW\tpAdmin\application\admin\widget\Index.php ]
[ info ] [ RUN ] app\admin\widget\Index->menu[ D:\lp\WWW\tpAdmin\application\admin\widget\Index.php ]
[ info ] [ RUN ] app\admin\widget\Index->menu[ D:\lp\WWW\tpAdmin\application\admin\widget\Index.php ]
[ info ] [ RUN ] app\admin\widget\Index->menu[ D:\lp\WWW\tpAdmin\application\admin\widget\Index.php ]
[ info ] [ RUN ] app\admin\widget\Index->menu[ D:\lp\WWW\tpAdmin\application\admin\widget\Index.php ]
[ info ] [ RUN ] app\admin\widget\Index->menu[ D:\lp\WWW\tpAdmin\application\admin\widget\Index.php ]
[ info ] [ RUN ] app\admin\widget\Index->menu[ D:\lp\WWW\tpAdmin\application\admin\widget\Index.php ]
[ info ] [ RUN ] app\admin\widget\Index->menu[ D:\lp\WWW\tpAdmin\application\admin\widget\Index.php ]
[ info ] [ RUN ] app\admin\widget\Index->menu[ D:\lp\WWW\tpAdmin\application\admin\widget\Index.php ]
[ info ] [ RUN ] app\admin\widget\Index->menu[ D:\lp\WWW\tpAdmin\application\admin\widget\Index.php ]
[ info ] [ RUN ] app\admin\widget\Index->menu[ D:\lp\WWW\tpAdmin\application\admin\widget\Index.php ]
[ info ] [ RUN ] app\admin\widget\Index->menu[ D:\lp\WWW\tpAdmin\application\admin\widget\Index.php ]
[ info ] [ RUN ] app\admin\widget\Index->menu[ D:\lp\WWW\tpAdmin\application\admin\widget\Index.php ]
[ info ] [ RUN ] app\admin\widget\Index->menu[ D:\lp\WWW\tpAdmin\application\admin\widget\Index.php ]
[ info ] [ RUN ] app\admin\widget\Index->menu[ D:\lp\WWW\tpAdmin\application\admin\widget\Index.php ]
[ info ] [ BEHAVIOR ] Run \app\common\behavior\WebLog @app_end [ RunTime:0.010742s ]
[ info ] [ LOG ] INIT File
[ sql ] [ DB ] CONNECT:[ UseTime:0.002930s ] mysql:dbname=xunjia;host=127.0.0.1;charset=utf8
[ sql ] [ SQL ] SHOW COLUMNS FROM `tp_admin_node` [ RunTime:0.010742s ]
[ sql ] [ SQL ] SELECT `id`,`pid`,`name`,`group_id`,`title`,`type` FROM `tp_admin_node` WHERE  (  status=1 AND group_id > 0 ) [ RunTime:0.000977s ]
[ sql ] [ SQL ] SHOW COLUMNS FROM `tp_admin_group` [ RunTime:0.009765s ]
[ sql ] [ SQL ] SELECT `id`,`name`,`icon` FROM `tp_admin_group` WHERE  `id` IN (1,2,3,5)  AND `status` = 1 ORDER BY sort asc,id asc [ RunTime:0.000977s ]
[ sql ] [ SQL ] SHOW COLUMNS FROM `tp_web_log_all` [ RunTime:0.009766s ]
[ sql ] [ SQL ] INSERT INTO `tp_web_log_all` (`uid` , `ip` , `location` , `os` , `browser` , `url` , `module` , `controller` , `action` , `method` , `data` , `create_at`) VALUES (1 , '127.0.0.1' , '本机地址 本机地址  ' , 'Windows 7' , 'Chrome(70.0.3538.110)' , 'http://www.xunjia.net/index.php/admin/index/index.html' , 'admin' , 'Index' , 'index' , 'GET' , 'a:0:{}' , 1546685874) [ RunTime:0.000976s ]

---------------------------------------------------------------
[ 2019-01-05T18:57:54+08:00 ] 127.0.0.1 127.0.0.1 GET /index.php/admin/index/welcome.html
[ log ] www.xunjia.net/index.php/admin/index/welcome.html [运行时间：0.086914s][吞吐率：11.51req/s] [内存消耗：6,153.53kb] [文件加载：70]
[ info ] [ LANG ] D:\lp\WWW\tpAdmin\thinkphp\lang\zh-cn.php
[ info ] [ ROUTE ] array (
  'type' => 'module',
  'module' => 
  array (
    0 => 'admin',
    1 => 'index',
    2 => 'welcome',
  ),
)
[ info ] [ HEADER ] array (
  'cookie' => 'thinkphp_show_page_trace=0|0; Hm_lvt_f8d0a8c400404989e195270b0bbf060a=1546509567,1546564875; PHPSESSID=9jh14dfpv1qiqqfnhbaphdj9h3',
  'accept-language' => 'zh-CN,zh;q=0.9',
  'accept-encoding' => 'gzip, deflate',
  'referer' => 'http://www.xunjia.net/index.php/admin/index/index.html',
  'accept' => 'text/html,application/xhtml+xml,application/xml;q=0.9,image/webp,image/apng,*/*;q=0.8',
  'user-agent' => 'Mozilla/5.0 (Windows NT 6.1; Win64; x64) AppleWebKit/537.36 (KHTML, like Gecko) Chrome/70.0.3538.110 Safari/537.36',
  'upgrade-insecure-requests' => '1',
  'connection' => 'close',
  'host' => 'www.xunjia.net',
)
[ info ] [ PARAM ] array (
)
[ info ] [ SESSION ] INIT array (
  'id' => '',
  'var_session_id' => '',
  'prefix' => 'think',
  'type' => '',
  'auto_start' => true,
)
[ info ] [ BEHAVIOR ] Run \app\common\behavior\WebLog @module_init [ RunTime:0.006836s ]
[ info ] [ RUN ] app\admin\controller\Index->welcome[ D:\lp\WWW\tpAdmin\application\admin\controller\Index.php ]
[ info ] [ DB ] INIT mysql
[ info ] [ VIEW ] D:\lp\WWW\tpAdmin\public/../application/admin\view\index\welcome.html [ array (
  0 => 'last_login_ip',
  1 => 'last_login_loc',
  2 => 'current_login_ip',
  3 => 'current_login_loc',
  4 => 'info',
) ]
[ info ] [ BEHAVIOR ] Run \app\common\behavior\WebLog @app_end [ RunTime:0.011719s ]
[ info ] [ LOG ] INIT File
[ sql ] [ DB ] CONNECT:[ UseTime:0.011718s ] mysql:dbname=xunjia;host=127.0.0.1;charset=utf8
[ sql ] [ SQL ] SHOW COLUMNS FROM `tp_admin_user` [ RunTime:0.010743s ]
[ sql ] [ SQL ] SELECT * FROM `tp_admin_user` WHERE  `id` = 1 LIMIT 1 [ RunTime:0.000976s ]
[ sql ] [ SQL ] SHOW COLUMNS FROM `tp_web_log_all` [ RunTime:0.009765s ]
[ sql ] [ SQL ] INSERT INTO `tp_web_log_all` (`uid` , `ip` , `location` , `os` , `browser` , `url` , `module` , `controller` , `action` , `method` , `data` , `create_at`) VALUES (1 , '127.0.0.1' , '本机地址 本机地址  ' , 'Windows 7' , 'Chrome(70.0.3538.110)' , 'http://www.xunjia.net/index.php/admin/index/welcome.html' , 'admin' , 'Index' , 'welcome' , 'GET' , 'a:0:{}' , 1546685874) [ RunTime:0.000977s ]

---------------------------------------------------------------
[ 2019-01-05T18:57:56+08:00 ] 127.0.0.1 127.0.0.1 GET /index.php/admin/industry_news/index.html
[ log ] www.xunjia.net/index.php/admin/industry_news/index.html [运行时间：0.080078s][吞吐率：12.49req/s] [内存消耗：6,412.26kb] [文件加载：76]
[ info ] [ LANG ] D:\lp\WWW\tpAdmin\thinkphp\lang\zh-cn.php
[ info ] [ ROUTE ] array (
  'type' => 'module',
  'module' => 
  array (
    0 => 'admin',
    1 => 'industry_news',
    2 => 'index',
  ),
)
[ info ] [ HEADER ] array (
  'cookie' => 'thinkphp_show_page_trace=0|0; Hm_lvt_f8d0a8c400404989e195270b0bbf060a=1546509567,1546564875; PHPSESSID=9jh14dfpv1qiqqfnhbaphdj9h3',
  'accept-language' => 'zh-CN,zh;q=0.9',
  'accept-encoding' => 'gzip, deflate',
  'referer' => 'http://www.xunjia.net/index.php/admin/index/index.html',
  'accept' => 'text/html,application/xhtml+xml,application/xml;q=0.9,image/webp,image/apng,*/*;q=0.8',
  'user-agent' => 'Mozilla/5.0 (Windows NT 6.1; Win64; x64) AppleWebKit/537.36 (KHTML, like Gecko) Chrome/70.0.3538.110 Safari/537.36',
  'upgrade-insecure-requests' => '1',
  'connection' => 'close',
  'host' => 'www.xunjia.net',
)
[ info ] [ PARAM ] array (
)
[ info ] [ SESSION ] INIT array (
  'id' => '',
  'var_session_id' => '',
  'prefix' => 'think',
  'type' => '',
  'auto_start' => true,
)
[ info ] [ BEHAVIOR ] Run \app\common\behavior\WebLog @module_init [ RunTime:0.006836s ]
[ info ] [ RUN ] app\admin\controller\IndustryNews->index[ D:\lp\WWW\tpAdmin\application\admin\traits\controller\Controller.php ]
[ info ] [ DB ] INIT mysql
[ info ] [ VIEW ] D:\lp\WWW\tpAdmin\public/../application/admin\view\industry_news\index.html [ array (
  0 => 'list',
  1 => 'count',
  2 => 'page',
  3 => 'numPerPage',
) ]
[ info ] [ BEHAVIOR ] Run \app\common\behavior\WebLog @app_end [ RunTime:0.011719s ]
[ info ] [ LOG ] INIT File
[ sql ] [ DB ] CONNECT:[ UseTime:0.002930s ] mysql:dbname=xunjia;host=127.0.0.1;charset=utf8
[ sql ] [ SQL ] SHOW COLUMNS FROM `tp_industry_news` [ RunTime:0.009766s ]
[ sql ] [ SQL ] SELECT COUNT(*) AS tp_count FROM `tp_industry_news` WHERE  `isdelete` = 0 LIMIT 1 [ RunTime:0.000000s ]
[ sql ] [ SQL ] SELECT * FROM `tp_industry_news` WHERE  `isdelete` = 0 ORDER BY id desc LIMIT 0,20 [ RunTime:0.000000s ]
[ sql ] [ SQL ] SHOW COLUMNS FROM `tp_web_log_all` [ RunTime:0.009766s ]
[ sql ] [ SQL ] INSERT INTO `tp_web_log_all` (`uid` , `ip` , `location` , `os` , `browser` , `url` , `module` , `controller` , `action` , `method` , `data` , `create_at`) VALUES (1 , '127.0.0.1' , '本机地址 本机地址  ' , 'Windows 7' , 'Chrome(70.0.3538.110)' , 'http://www.xunjia.net/index.php/admin/industry_news/index.html' , 'admin' , 'IndustryNews' , 'index' , 'GET' , 'a:0:{}' , 1546685876) [ RunTime:0.000000s ]

---------------------------------------------------------------
[ 2019-01-05T18:57:56+08:00 ] 127.0.0.1 127.0.0.1 GET /index.php/admin/industry_news/%E8%BF%87%E5%A5%BD%E5%87%A0%E4%B8%AA%E5%A5%BD%E5%87%A0%E4%B8%AA
[ log ] www.xunjia.net/index.php/admin/industry_news/%E8%BF%87%E5%A5%BD%E5%87%A0%E4%B8%AA%E5%A5%BD%E5%87%A0%E4%B8%AA [运行时间：0.047852s][吞吐率：20.90req/s] [内存消耗：5,569.48kb] [文件加载：68]
[ info ] [ LANG ] D:\lp\WWW\tpAdmin\thinkphp\lang\zh-cn.php
[ info ] [ ROUTE ] array (
  'type' => 'module',
  'module' => 
  array (
    0 => 'admin',
    1 => 'industry_news',
    2 => '过好几个好几个',
  ),
)
[ info ] [ HEADER ] array (
  'cookie' => 'thinkphp_show_page_trace=0|0; Hm_lvt_f8d0a8c400404989e195270b0bbf060a=1546509567,1546564875; PHPSESSID=9jh14dfpv1qiqqfnhbaphdj9h3',
  'accept-language' => 'zh-CN,zh;q=0.9',
  'accept-encoding' => 'gzip, deflate',
  'referer' => 'http://www.xunjia.net/index.php/admin/industry_news/index.html',
  'accept' => 'image/webp,image/apng,image/*,*/*;q=0.8',
  'user-agent' => 'Mozilla/5.0 (Windows NT 6.1; Win64; x64) AppleWebKit/537.36 (KHTML, like Gecko) Chrome/70.0.3538.110 Safari/537.36',
  'connection' => 'close',
  'host' => 'www.xunjia.net',
)
[ info ] [ PARAM ] array (
)
[ info ] [ SESSION ] INIT array (
  'id' => '',
  'var_session_id' => '',
  'prefix' => 'think',
  'type' => '',
  'auto_start' => true,
)
[ info ] [ BEHAVIOR ] Run \app\common\behavior\WebLog @module_init [ RunTime:0.006836s ]
[ info ] [ LOG ] INIT File

---------------------------------------------------------------
[ 2019-01-05T18:57:57+08:00 ] 127.0.0.1 127.0.0.1 GET /index.php/admin/industry_news/re
[ log ] www.xunjia.net/index.php/admin/industry_news/re [运行时间：0.045899s][吞吐率：21.79req/s] [内存消耗：5,569.25kb] [文件加载：68]
[ info ] [ LANG ] D:\lp\WWW\tpAdmin\thinkphp\lang\zh-cn.php
[ info ] [ ROUTE ] array (
  'type' => 'module',
  'module' => 
  array (
    0 => 'admin',
    1 => 'industry_news',
    2 => 're',
  ),
)
[ info ] [ HEADER ] array (
  'cookie' => 'thinkphp_show_page_trace=0|0; Hm_lvt_f8d0a8c400404989e195270b0bbf060a=1546509567,1546564875; PHPSESSID=9jh14dfpv1qiqqfnhbaphdj9h3',
  'accept-language' => 'zh-CN,zh;q=0.9',
  'accept-encoding' => 'gzip, deflate',
  'referer' => 'http://www.xunjia.net/index.php/admin/industry_news/index.html',
  'accept' => 'image/webp,image/apng,image/*,*/*;q=0.8',
  'user-agent' => 'Mozilla/5.0 (Windows NT 6.1; Win64; x64) AppleWebKit/537.36 (KHTML, like Gecko) Chrome/70.0.3538.110 Safari/537.36',
  'connection' => 'close',
  'host' => 'www.xunjia.net',
)
[ info ] [ PARAM ] array (
)
[ info ] [ SESSION ] INIT array (
  'id' => '',
  'var_session_id' => '',
  'prefix' => 'think',
  'type' => '',
  'auto_start' => true,
)
[ info ] [ BEHAVIOR ] Run \app\common\behavior\WebLog @module_init [ RunTime:0.006836s ]
[ info ] [ LOG ] INIT File

---------------------------------------------------------------
[ 2019-01-05T18:57:59+08:00 ] 127.0.0.1 127.0.0.1 GET /index.php/admin/about_us/index.html
[ log ] www.xunjia.net/index.php/admin/about_us/index.html [运行时间：0.097656s][吞吐率：10.24req/s] [内存消耗：6,343.85kb] [文件加载：74]
[ info ] [ LANG ] D:\lp\WWW\tpAdmin\thinkphp\lang\zh-cn.php
[ info ] [ ROUTE ] array (
  'type' => 'module',
  'module' => 
  array (
    0 => 'admin',
    1 => 'about_us',
    2 => 'index',
  ),
)
[ info ] [ HEADER ] array (
  'cookie' => 'thinkphp_show_page_trace=0|0; Hm_lvt_f8d0a8c400404989e195270b0bbf060a=1546509567,1546564875; PHPSESSID=9jh14dfpv1qiqqfnhbaphdj9h3',
  'accept-language' => 'zh-CN,zh;q=0.9',
  'accept-encoding' => 'gzip, deflate',
  'referer' => 'http://www.xunjia.net/index.php/admin/index/index.html',
  'accept' => 'text/html,application/xhtml+xml,application/xml;q=0.9,image/webp,image/apng,*/*;q=0.8',
  'user-agent' => 'Mozilla/5.0 (Windows NT 6.1; Win64; x64) AppleWebKit/537.36 (KHTML, like Gecko) Chrome/70.0.3538.110 Safari/537.36',
  'upgrade-insecure-requests' => '1',
  'connection' => 'close',
  'host' => 'www.xunjia.net',
)
[ info ] [ PARAM ] array (
)
[ info ] [ SESSION ] INIT array (
  'id' => '',
  'var_session_id' => '',
  'prefix' => 'think',
  'type' => '',
  'auto_start' => true,
)
[ info ] [ BEHAVIOR ] Run \app\common\behavior\WebLog @module_init [ RunTime:0.005859s ]
[ info ] [ RUN ] app\admin\controller\AboutUs->index[ D:\lp\WWW\tpAdmin\application\admin\controller\AboutUs.php ]
[ info ] [ VIEW ] D:\lp\WWW\tpAdmin\public/../application/admin\view\about_us\index.html [ array (
) ]
[ info ] [ DB ] INIT mysql
[ info ] [ BEHAVIOR ] Run \app\common\behavior\WebLog @app_end [ RunTime:0.021484s ]
[ info ] [ LOG ] INIT File
[ sql ] [ DB ] CONNECT:[ UseTime:0.001953s ] mysql:dbname=xunjia;host=127.0.0.1;charset=utf8
[ sql ] [ SQL ] SHOW COLUMNS FROM `tp_web_log_all` [ RunTime:0.010743s ]
[ sql ] [ SQL ] INSERT INTO `tp_web_log_all` (`uid` , `ip` , `location` , `os` , `browser` , `url` , `module` , `controller` , `action` , `method` , `data` , `create_at`) VALUES (1 , '127.0.0.1' , '本机地址 本机地址  ' , 'Windows 7' , 'Chrome(70.0.3538.110)' , 'http://www.xunjia.net/index.php/admin/about_us/index.html' , 'admin' , 'AboutUs' , 'index' , 'GET' , 'a:0:{}' , 1546685879) [ RunTime:0.000976s ]

---------------------------------------------------------------
[ 2019-01-05T19:24:46+08:00 ] 127.0.0.1 127.0.0.1 GET /index.php/admin/index/index.html
[ log ] www.xunjia.net/index.php/admin/index/index.html [运行时间：0.107422s][吞吐率：9.31req/s] [内存消耗：6,208.35kb] [文件加载：72]
[ info ] [ LANG ] D:\lp\WWW\tpAdmin\thinkphp\lang\zh-cn.php
[ info ] [ ROUTE ] array (
  'type' => 'module',
  'module' => 
  array (
    0 => 'admin',
    1 => 'index',
    2 => 'index',
  ),
)
[ info ] [ HEADER ] array (
  'cookie' => 'thinkphp_show_page_trace=0|0; Hm_lvt_f8d0a8c400404989e195270b0bbf060a=1546509567,1546564875; PHPSESSID=9jh14dfpv1qiqqfnhbaphdj9h3',
  'accept-language' => 'zh-CN,zh;q=0.9',
  'accept-encoding' => 'gzip, deflate',
  'accept' => 'text/html,application/xhtml+xml,application/xml;q=0.9,image/webp,image/apng,*/*;q=0.8',
  'user-agent' => 'Mozilla/5.0 (Windows NT 6.1; Win64; x64) AppleWebKit/537.36 (KHTML, like Gecko) Chrome/70.0.3538.110 Safari/537.36',
  'upgrade-insecure-requests' => '1',
  'cache-control' => 'max-age=0',
  'connection' => 'close',
  'host' => 'www.xunjia.net',
)
[ info ] [ PARAM ] array (
)
[ info ] [ SESSION ] INIT array (
  'id' => '',
  'var_session_id' => '',
  'prefix' => 'think',
  'type' => '',
  'auto_start' => true,
)
[ info ] [ BEHAVIOR ] Run \app\common\behavior\WebLog @module_init [ RunTime:0.010742s ]
[ info ] [ RUN ] app\admin\controller\Index->index[ D:\lp\WWW\tpAdmin\application\admin\controller\Index.php ]
[ info ] [ DB ] INIT mysql
[ info ] [ VIEW ] D:\lp\WWW\tpAdmin\public/../application/admin\view\index\index.html [ array (
  0 => 'groups',
  1 => 'menu',
) ]
[ info ] [ RUN ] app\admin\widget\Index->menu[ D:\lp\WWW\tpAdmin\application\admin\widget\Index.php ]
[ info ] [ RUN ] app\admin\widget\Index->menu[ D:\lp\WWW\tpAdmin\application\admin\widget\Index.php ]
[ info ] [ RUN ] app\admin\widget\Index->menu[ D:\lp\WWW\tpAdmin\application\admin\widget\Index.php ]
[ info ] [ RUN ] app\admin\widget\Index->menu[ D:\lp\WWW\tpAdmin\application\admin\widget\Index.php ]
[ info ] [ RUN ] app\admin\widget\Index->menu[ D:\lp\WWW\tpAdmin\application\admin\widget\Index.php ]
[ info ] [ RUN ] app\admin\widget\Index->menu[ D:\lp\WWW\tpAdmin\application\admin\widget\Index.php ]
[ info ] [ RUN ] app\admin\widget\Index->menu[ D:\lp\WWW\tpAdmin\application\admin\widget\Index.php ]
[ info ] [ RUN ] app\admin\widget\Index->menu[ D:\lp\WWW\tpAdmin\application\admin\widget\Index.php ]
[ info ] [ RUN ] app\admin\widget\Index->menu[ D:\lp\WWW\tpAdmin\application\admin\widget\Index.php ]
[ info ] [ RUN ] app\admin\widget\Index->menu[ D:\lp\WWW\tpAdmin\application\admin\widget\Index.php ]
[ info ] [ RUN ] app\admin\widget\Index->menu[ D:\lp\WWW\tpAdmin\application\admin\widget\Index.php ]
[ info ] [ RUN ] app\admin\widget\Index->menu[ D:\lp\WWW\tpAdmin\application\admin\widget\Index.php ]
[ info ] [ RUN ] app\admin\widget\Index->menu[ D:\lp\WWW\tpAdmin\application\admin\widget\Index.php ]
[ info ] [ RUN ] app\admin\widget\Index->menu[ D:\lp\WWW\tpAdmin\application\admin\widget\Index.php ]
[ info ] [ RUN ] app\admin\widget\Index->menu[ D:\lp\WWW\tpAdmin\application\admin\widget\Index.php ]
[ info ] [ RUN ] app\admin\widget\Index->menu[ D:\lp\WWW\tpAdmin\application\admin\widget\Index.php ]
[ info ] [ RUN ] app\admin\widget\Index->menu[ D:\lp\WWW\tpAdmin\application\admin\widget\Index.php ]
[ info ] [ RUN ] app\admin\widget\Index->menu[ D:\lp\WWW\tpAdmin\application\admin\widget\Index.php ]
[ info ] [ RUN ] app\admin\widget\Index->menu[ D:\lp\WWW\tpAdmin\application\admin\widget\Index.php ]
[ info ] [ RUN ] app\admin\widget\Index->menu[ D:\lp\WWW\tpAdmin\application\admin\widget\Index.php ]
[ info ] [ RUN ] app\admin\widget\Index->menu[ D:\lp\WWW\tpAdmin\application\admin\widget\Index.php ]
[ info ] [ RUN ] app\admin\widget\Index->menu[ D:\lp\WWW\tpAdmin\application\admin\widget\Index.php ]
[ info ] [ RUN ] app\admin\widget\Index->menu[ D:\lp\WWW\tpAdmin\application\admin\widget\Index.php ]
[ info ] [ RUN ] app\admin\widget\Index->menu[ D:\lp\WWW\tpAdmin\application\admin\widget\Index.php ]
[ info ] [ RUN ] app\admin\widget\Index->menu[ D:\lp\WWW\tpAdmin\application\admin\widget\Index.php ]
[ info ] [ BEHAVIOR ] Run \app\common\behavior\WebLog @app_end [ RunTime:0.011719s ]
[ info ] [ LOG ] INIT File
[ sql ] [ DB ] CONNECT:[ UseTime:0.015625s ] mysql:dbname=xunjia;host=127.0.0.1;charset=utf8
[ sql ] [ SQL ] SHOW COLUMNS FROM `tp_admin_node` [ RunTime:0.009765s ]
[ sql ] [ SQL ] SELECT `id`,`pid`,`name`,`group_id`,`title`,`type` FROM `tp_admin_node` WHERE  (  status=1 AND group_id > 0 ) [ RunTime:0.000000s ]
[ sql ] [ SQL ] SHOW COLUMNS FROM `tp_admin_group` [ RunTime:0.009766s ]
[ sql ] [ SQL ] SELECT `id`,`name`,`icon` FROM `tp_admin_group` WHERE  `id` IN (1,2,3,5)  AND `status` = 1 ORDER BY sort asc,id asc [ RunTime:0.000977s ]
[ sql ] [ SQL ] SHOW COLUMNS FROM `tp_web_log_all` [ RunTime:0.010743s ]
[ sql ] [ SQL ] INSERT INTO `tp_web_log_all` (`uid` , `ip` , `location` , `os` , `browser` , `url` , `module` , `controller` , `action` , `method` , `data` , `create_at`) VALUES (1 , '127.0.0.1' , '本机地址 本机地址  ' , 'Windows 7' , 'Chrome(70.0.3538.110)' , 'http://www.xunjia.net/index.php/admin/index/index.html' , 'admin' , 'Index' , 'index' , 'GET' , 'a:0:{}' , 1546687486) [ RunTime:0.000000s ]

---------------------------------------------------------------
[ 2019-01-05T19:24:46+08:00 ] 127.0.0.1 127.0.0.1 GET /index.php/admin/index/welcome.html
[ log ] www.xunjia.net/index.php/admin/index/welcome.html [运行时间：0.065430s][吞吐率：15.28req/s] [内存消耗：6,153.53kb] [文件加载：70]
[ info ] [ LANG ] D:\lp\WWW\tpAdmin\thinkphp\lang\zh-cn.php
[ info ] [ ROUTE ] array (
  'type' => 'module',
  'module' => 
  array (
    0 => 'admin',
    1 => 'index',
    2 => 'welcome',
  ),
)
[ info ] [ HEADER ] array (
  'cookie' => 'thinkphp_show_page_trace=0|0; Hm_lvt_f8d0a8c400404989e195270b0bbf060a=1546509567,1546564875; PHPSESSID=9jh14dfpv1qiqqfnhbaphdj9h3',
  'accept-language' => 'zh-CN,zh;q=0.9',
  'accept-encoding' => 'gzip, deflate',
  'referer' => 'http://www.xunjia.net/index.php/admin/index/index.html',
  'accept' => 'text/html,application/xhtml+xml,application/xml;q=0.9,image/webp,image/apng,*/*;q=0.8',
  'user-agent' => 'Mozilla/5.0 (Windows NT 6.1; Win64; x64) AppleWebKit/537.36 (KHTML, like Gecko) Chrome/70.0.3538.110 Safari/537.36',
  'upgrade-insecure-requests' => '1',
  'connection' => 'close',
  'host' => 'www.xunjia.net',
)
[ info ] [ PARAM ] array (
)
[ info ] [ SESSION ] INIT array (
  'id' => '',
  'var_session_id' => '',
  'prefix' => 'think',
  'type' => '',
  'auto_start' => true,
)
[ info ] [ BEHAVIOR ] Run \app\common\behavior\WebLog @module_init [ RunTime:0.004883s ]
[ info ] [ RUN ] app\admin\controller\Index->welcome[ D:\lp\WWW\tpAdmin\application\admin\controller\Index.php ]
[ info ] [ DB ] INIT mysql
[ info ] [ VIEW ] D:\lp\WWW\tpAdmin\public/../application/admin\view\index\welcome.html [ array (
  0 => 'last_login_ip',
  1 => 'last_login_loc',
  2 => 'current_login_ip',
  3 => 'current_login_loc',
  4 => 'info',
) ]
[ info ] [ BEHAVIOR ] Run \app\common\behavior\WebLog @app_end [ RunTime:0.011718s ]
[ info ] [ LOG ] INIT File
[ sql ] [ DB ] CONNECT:[ UseTime:0.002930s ] mysql:dbname=xunjia;host=127.0.0.1;charset=utf8
[ sql ] [ SQL ] SHOW COLUMNS FROM `tp_admin_user` [ RunTime:0.009765s ]
[ sql ] [ SQL ] SELECT * FROM `tp_admin_user` WHERE  `id` = 1 LIMIT 1 [ RunTime:0.000977s ]
[ sql ] [ SQL ] SHOW COLUMNS FROM `tp_web_log_all` [ RunTime:0.010742s ]
[ sql ] [ SQL ] INSERT INTO `tp_web_log_all` (`uid` , `ip` , `location` , `os` , `browser` , `url` , `module` , `controller` , `action` , `method` , `data` , `create_at`) VALUES (1 , '127.0.0.1' , '本机地址 本机地址  ' , 'Windows 7' , 'Chrome(70.0.3538.110)' , 'http://www.xunjia.net/index.php/admin/index/welcome.html' , 'admin' , 'Index' , 'welcome' , 'GET' , 'a:0:{}' , 1546687486) [ RunTime:0.000976s ]

---------------------------------------------------------------
[ 2019-01-05T19:24:48+08:00 ] 127.0.0.1 127.0.0.1 GET /index.php/admin/industry_news/index.html
[ log ] www.xunjia.net/index.php/admin/industry_news/index.html [运行时间：0.069335s][吞吐率：14.42req/s] [内存消耗：6,412.26kb] [文件加载：76]
[ info ] [ LANG ] D:\lp\WWW\tpAdmin\thinkphp\lang\zh-cn.php
[ info ] [ ROUTE ] array (
  'type' => 'module',
  'module' => 
  array (
    0 => 'admin',
    1 => 'industry_news',
    2 => 'index',
  ),
)
[ info ] [ HEADER ] array (
  'cookie' => 'thinkphp_show_page_trace=0|0; Hm_lvt_f8d0a8c400404989e195270b0bbf060a=1546509567,1546564875; PHPSESSID=9jh14dfpv1qiqqfnhbaphdj9h3',
  'accept-language' => 'zh-CN,zh;q=0.9',
  'accept-encoding' => 'gzip, deflate',
  'referer' => 'http://www.xunjia.net/index.php/admin/index/index.html',
  'accept' => 'text/html,application/xhtml+xml,application/xml;q=0.9,image/webp,image/apng,*/*;q=0.8',
  'user-agent' => 'Mozilla/5.0 (Windows NT 6.1; Win64; x64) AppleWebKit/537.36 (KHTML, like Gecko) Chrome/70.0.3538.110 Safari/537.36',
  'upgrade-insecure-requests' => '1',
  'connection' => 'close',
  'host' => 'www.xunjia.net',
)
[ info ] [ PARAM ] array (
)
[ info ] [ SESSION ] INIT array (
  'id' => '',
  'var_session_id' => '',
  'prefix' => 'think',
  'type' => '',
  'auto_start' => true,
)
[ info ] [ BEHAVIOR ] Run \app\common\behavior\WebLog @module_init [ RunTime:0.004882s ]
[ info ] [ RUN ] app\admin\controller\IndustryNews->index[ D:\lp\WWW\tpAdmin\application\admin\traits\controller\Controller.php ]
[ info ] [ DB ] INIT mysql
[ info ] [ VIEW ] D:\lp\WWW\tpAdmin\public/../application/admin\view\industry_news\index.html [ array (
  0 => 'list',
  1 => 'count',
  2 => 'page',
  3 => 'numPerPage',
) ]
[ info ] [ BEHAVIOR ] Run \app\common\behavior\WebLog @app_end [ RunTime:0.010742s ]
[ info ] [ LOG ] INIT File
[ sql ] [ DB ] CONNECT:[ UseTime:0.001953s ] mysql:dbname=xunjia;host=127.0.0.1;charset=utf8
[ sql ] [ SQL ] SHOW COLUMNS FROM `tp_industry_news` [ RunTime:0.010743s ]
[ sql ] [ SQL ] SELECT COUNT(*) AS tp_count FROM `tp_industry_news` WHERE  `isdelete` = 0 LIMIT 1 [ RunTime:0.000977s ]
[ sql ] [ SQL ] SELECT * FROM `tp_industry_news` WHERE  `isdelete` = 0 ORDER BY id desc LIMIT 0,20 [ RunTime:0.000976s ]
[ sql ] [ SQL ] SHOW COLUMNS FROM `tp_web_log_all` [ RunTime:0.008789s ]
[ sql ] [ SQL ] INSERT INTO `tp_web_log_all` (`uid` , `ip` , `location` , `os` , `browser` , `url` , `module` , `controller` , `action` , `method` , `data` , `create_at`) VALUES (1 , '127.0.0.1' , '本机地址 本机地址  ' , 'Windows 7' , 'Chrome(70.0.3538.110)' , 'http://www.xunjia.net/index.php/admin/industry_news/index.html' , 'admin' , 'IndustryNews' , 'index' , 'GET' , 'a:0:{}' , 1546687488) [ RunTime:0.000000s ]

---------------------------------------------------------------
[ 2019-01-05T19:24:48+08:00 ] 127.0.0.1 127.0.0.1 GET /index.php/admin/industry_news/re
[ log ] www.xunjia.net/index.php/admin/industry_news/re [运行时间：0.037109s][吞吐率：26.95req/s] [内存消耗：5,569.25kb] [文件加载：68]
[ info ] [ LANG ] D:\lp\WWW\tpAdmin\thinkphp\lang\zh-cn.php
[ info ] [ ROUTE ] array (
  'type' => 'module',
  'module' => 
  array (
    0 => 'admin',
    1 => 'industry_news',
    2 => 're',
  ),
)
[ info ] [ HEADER ] array (
  'cookie' => 'thinkphp_show_page_trace=0|0; Hm_lvt_f8d0a8c400404989e195270b0bbf060a=1546509567,1546564875; PHPSESSID=9jh14dfpv1qiqqfnhbaphdj9h3',
  'accept-language' => 'zh-CN,zh;q=0.9',
  'accept-encoding' => 'gzip, deflate',
  'referer' => 'http://www.xunjia.net/index.php/admin/industry_news/index.html',
  'accept' => 'image/webp,image/apng,image/*,*/*;q=0.8',
  'user-agent' => 'Mozilla/5.0 (Windows NT 6.1; Win64; x64) AppleWebKit/537.36 (KHTML, like Gecko) Chrome/70.0.3538.110 Safari/537.36',
  'connection' => 'close',
  'host' => 'www.xunjia.net',
)
[ info ] [ PARAM ] array (
)
[ info ] [ SESSION ] INIT array (
  'id' => '',
  'var_session_id' => '',
  'prefix' => 'think',
  'type' => '',
  'auto_start' => true,
)
[ info ] [ BEHAVIOR ] Run \app\common\behavior\WebLog @module_init [ RunTime:0.005860s ]
[ info ] [ LOG ] INIT File

---------------------------------------------------------------
[ 2019-01-05T19:24:49+08:00 ] 127.0.0.1 127.0.0.1 GET /index.php/admin/industry_news/%E8%BF%87%E5%A5%BD%E5%87%A0%E4%B8%AA%E5%A5%BD%E5%87%A0%E4%B8%AA
[ log ] www.xunjia.net/index.php/admin/industry_news/%E8%BF%87%E5%A5%BD%E5%87%A0%E4%B8%AA%E5%A5%BD%E5%87%A0%E4%B8%AA [运行时间：0.036133s][吞吐率：27.68req/s] [内存消耗：5,569.48kb] [文件加载：68]
[ info ] [ LANG ] D:\lp\WWW\tpAdmin\thinkphp\lang\zh-cn.php
[ info ] [ ROUTE ] array (
  'type' => 'module',
  'module' => 
  array (
    0 => 'admin',
    1 => 'industry_news',
    2 => '过好几个好几个',
  ),
)
[ info ] [ HEADER ] array (
  'cookie' => 'thinkphp_show_page_trace=0|0; Hm_lvt_f8d0a8c400404989e195270b0bbf060a=1546509567,1546564875; PHPSESSID=9jh14dfpv1qiqqfnhbaphdj9h3',
  'accept-language' => 'zh-CN,zh;q=0.9',
  'accept-encoding' => 'gzip, deflate',
  'referer' => 'http://www.xunjia.net/index.php/admin/industry_news/index.html',
  'accept' => 'image/webp,image/apng,image/*,*/*;q=0.8',
  'user-agent' => 'Mozilla/5.0 (Windows NT 6.1; Win64; x64) AppleWebKit/537.36 (KHTML, like Gecko) Chrome/70.0.3538.110 Safari/537.36',
  'connection' => 'close',
  'host' => 'www.xunjia.net',
)
[ info ] [ PARAM ] array (
)
[ info ] [ SESSION ] INIT array (
  'id' => '',
  'var_session_id' => '',
  'prefix' => 'think',
  'type' => '',
  'auto_start' => true,
)
[ info ] [ BEHAVIOR ] Run \app\common\behavior\WebLog @module_init [ RunTime:0.004883s ]
[ info ] [ LOG ] INIT File

---------------------------------------------------------------
[ 2019-01-05T19:24:49+08:00 ] 127.0.0.1 127.0.0.1 GET /index.php/admin/industry_news/add.html
[ log ] www.xunjia.net/index.php/admin/industry_news/add.html [运行时间：0.052734s][吞吐率：18.96req/s] [内存消耗：6,161.90kb] [文件加载：71]
[ info ] [ LANG ] D:\lp\WWW\tpAdmin\thinkphp\lang\zh-cn.php
[ info ] [ ROUTE ] array (
  'type' => 'module',
  'module' => 
  array (
    0 => 'admin',
    1 => 'industry_news',
    2 => 'add',
  ),
)
[ info ] [ HEADER ] array (
  'cookie' => 'thinkphp_show_page_trace=0|0; Hm_lvt_f8d0a8c400404989e195270b0bbf060a=1546509567,1546564875; PHPSESSID=9jh14dfpv1qiqqfnhbaphdj9h3',
  'accept-language' => 'zh-CN,zh;q=0.9',
  'accept-encoding' => 'gzip, deflate',
  'referer' => 'http://www.xunjia.net/index.php/admin/industry_news/index.html',
  'accept' => 'text/html,application/xhtml+xml,application/xml;q=0.9,image/webp,image/apng,*/*;q=0.8',
  'user-agent' => 'Mozilla/5.0 (Windows NT 6.1; Win64; x64) AppleWebKit/537.36 (KHTML, like Gecko) Chrome/70.0.3538.110 Safari/537.36',
  'upgrade-insecure-requests' => '1',
  'connection' => 'close',
  'host' => 'www.xunjia.net',
)
[ info ] [ PARAM ] array (
)
[ info ] [ SESSION ] INIT array (
  'id' => '',
  'var_session_id' => '',
  'prefix' => 'think',
  'type' => '',
  'auto_start' => true,
)
[ info ] [ BEHAVIOR ] Run \app\common\behavior\WebLog @module_init [ RunTime:0.004882s ]
[ info ] [ RUN ] app\admin\controller\IndustryNews->add[ D:\lp\WWW\tpAdmin\application\admin\controller\IndustryNews.php ]
[ info ] [ VIEW ] D:\lp\WWW\tpAdmin\public/../application/admin\view\industry_news\edit.html [ array (
) ]
[ info ] [ DB ] INIT mysql
[ info ] [ BEHAVIOR ] Run \app\common\behavior\WebLog @app_end [ RunTime:0.019532s ]
[ info ] [ LOG ] INIT File
[ sql ] [ DB ] CONNECT:[ UseTime:0.002929s ] mysql:dbname=xunjia;host=127.0.0.1;charset=utf8
[ sql ] [ SQL ] SHOW COLUMNS FROM `tp_web_log_all` [ RunTime:0.009766s ]
[ sql ] [ SQL ] INSERT INTO `tp_web_log_all` (`uid` , `ip` , `location` , `os` , `browser` , `url` , `module` , `controller` , `action` , `method` , `data` , `create_at`) VALUES (1 , '127.0.0.1' , '本机地址 本机地址  ' , 'Windows 7' , 'Chrome(70.0.3538.110)' , 'http://www.xunjia.net/index.php/admin/industry_news/add.html' , 'admin' , 'IndustryNews' , 'add' , 'GET' , 'a:0:{}' , 1546687489) [ RunTime:0.000977s ]

---------------------------------------------------------------
[ 2019-01-05T19:24:49+08:00 ] 127.0.0.1 127.0.0.1 GET /index.php/admin/ueditor/index.html?action=config&&noCache=1546687489813
[ log ] www.xunjia.net/index.php/admin/ueditor/index.html?action=config&&noCache=1546687489813 [运行时间：0.054688s][吞吐率：18.29req/s] [内存消耗：5,760.95kb] [文件加载：61]
[ info ] [ LANG ] D:\lp\WWW\tpAdmin\thinkphp\lang\zh-cn.php
[ info ] [ ROUTE ] array (
  'type' => 'module',
  'module' => 
  array (
    0 => 'admin',
    1 => 'ueditor',
    2 => 'index',
  ),
)
[ info ] [ HEADER ] array (
  'cookie' => 'Hm_lvt_f8d0a8c400404989e195270b0bbf060a=1546509567,1546564875; PHPSESSID=9jh14dfpv1qiqqfnhbaphdj9h3',
  'accept-language' => 'zh-CN,zh;q=0.9',
  'accept-encoding' => 'gzip, deflate',
  'referer' => 'http://www.xunjia.net/index.php/admin/industry_news/add.html',
  'accept' => '*/*',
  'user-agent' => 'Mozilla/5.0 (Windows NT 6.1; Win64; x64) AppleWebKit/537.36 (KHTML, like Gecko) Chrome/70.0.3538.110 Safari/537.36',
  'connection' => 'close',
  'host' => 'www.xunjia.net',
)
[ info ] [ PARAM ] array (
  'action' => 'config',
  'noCache' => '1546687489813',
)
[ info ] [ SESSION ] INIT array (
  'id' => '',
  'var_session_id' => '',
  'prefix' => 'think',
  'type' => '',
  'auto_start' => true,
)
[ info ] [ BEHAVIOR ] Run \app\common\behavior\WebLog @module_init [ RunTime:0.004883s ]
[ info ] [ RUN ] app\admin\controller\Ueditor->index[ D:\lp\WWW\tpAdmin\application\admin\controller\Ueditor.php ]
[ info ] [ DB ] INIT mysql
[ info ] [ BEHAVIOR ] Run \app\common\behavior\WebLog @app_end [ RunTime:0.029297s ]
[ info ] [ LOG ] INIT File
[ sql ] [ DB ] CONNECT:[ UseTime:0.011718s ] mysql:dbname=xunjia;host=127.0.0.1;charset=utf8
[ sql ] [ SQL ] SHOW COLUMNS FROM `tp_web_log_all` [ RunTime:0.010743s ]
[ sql ] [ SQL ] INSERT INTO `tp_web_log_all` (`uid` , `ip` , `location` , `os` , `browser` , `url` , `module` , `controller` , `action` , `method` , `data` , `create_at`) VALUES (1 , '127.0.0.1' , '本机地址 本机地址  ' , 'Windows 7' , 'Chrome(70.0.3538.110)' , 'http://www.xunjia.net/index.php/admin/ueditor/index.html?action=config&&noCache=1546687489813' , 'admin' , 'Ueditor' , 'index' , 'GET' , 'a:2:{s:6:\"action\";s:6:\"config\";s:7:\"noCache\";s:13:\"1546687489813\";}' , 1546687489) [ RunTime:0.000976s ]

---------------------------------------------------------------
[ 2019-01-05T19:24:52+08:00 ] 127.0.0.1 127.0.0.1 GET /index.php/admin/about_us/index.html
[ log ] www.xunjia.net/index.php/admin/about_us/index.html [运行时间：0.052734s][吞吐率：18.96req/s] [内存消耗：5,800.48kb] [文件加载：74]
[ info ] [ LANG ] D:\lp\WWW\tpAdmin\thinkphp\lang\zh-cn.php
[ info ] [ ROUTE ] array (
  'type' => 'module',
  'module' => 
  array (
    0 => 'admin',
    1 => 'about_us',
    2 => 'index',
  ),
)
[ info ] [ HEADER ] array (
  'cookie' => 'thinkphp_show_page_trace=0|0; Hm_lvt_f8d0a8c400404989e195270b0bbf060a=1546509567,1546564875; PHPSESSID=9jh14dfpv1qiqqfnhbaphdj9h3',
  'accept-language' => 'zh-CN,zh;q=0.9',
  'accept-encoding' => 'gzip, deflate',
  'referer' => 'http://www.xunjia.net/index.php/admin/index/index.html',
  'accept' => 'text/html,application/xhtml+xml,application/xml;q=0.9,image/webp,image/apng,*/*;q=0.8',
  'user-agent' => 'Mozilla/5.0 (Windows NT 6.1; Win64; x64) AppleWebKit/537.36 (KHTML, like Gecko) Chrome/70.0.3538.110 Safari/537.36',
  'upgrade-insecure-requests' => '1',
  'connection' => 'close',
  'host' => 'www.xunjia.net',
)
[ info ] [ PARAM ] array (
)
[ info ] [ SESSION ] INIT array (
  'id' => '',
  'var_session_id' => '',
  'prefix' => 'think',
  'type' => '',
  'auto_start' => true,
)
[ info ] [ BEHAVIOR ] Run \app\common\behavior\WebLog @module_init [ RunTime:0.004883s ]
[ info ] [ RUN ] app\admin\controller\AboutUs->index[ D:\lp\WWW\tpAdmin\application\admin\controller\AboutUs.php ]
[ info ] [ VIEW ] D:\lp\WWW\tpAdmin\public/../application/admin\view\about_us\index.html [ array (
) ]
[ info ] [ LOG ] INIT File
[ error ] [8]未定义变量: list[D:\lp\WWW\tpAdmin\runtime\temp\c4d8ff3eb61711ec8302b6a223f717c8.php:69]

---------------------------------------------------------------
[ 2019-01-05T19:26:13+08:00 ] 127.0.0.1 127.0.0.1 GET /index.php/admin/index/index.html
[ log ] www.xunjia.net/index.php/admin/index/index.html [运行时间：0.079102s][吞吐率：12.64req/s] [内存消耗：6,208.35kb] [文件加载：72]
[ info ] [ LANG ] D:\lp\WWW\tpAdmin\thinkphp\lang\zh-cn.php
[ info ] [ ROUTE ] array (
  'type' => 'module',
  'module' => 
  array (
    0 => 'admin',
    1 => 'index',
    2 => 'index',
  ),
)
[ info ] [ HEADER ] array (
  'cookie' => 'thinkphp_show_page_trace=0|0; Hm_lvt_f8d0a8c400404989e195270b0bbf060a=1546509567,1546564875; PHPSESSID=9jh14dfpv1qiqqfnhbaphdj9h3',
  'accept-language' => 'zh-CN,zh;q=0.9',
  'accept-encoding' => 'gzip, deflate',
  'accept' => 'text/html,application/xhtml+xml,application/xml;q=0.9,image/webp,image/apng,*/*;q=0.8',
  'user-agent' => 'Mozilla/5.0 (Windows NT 6.1; Win64; x64) AppleWebKit/537.36 (KHTML, like Gecko) Chrome/70.0.3538.110 Safari/537.36',
  'upgrade-insecure-requests' => '1',
  'cache-control' => 'max-age=0',
  'connection' => 'close',
  'host' => 'www.xunjia.net',
)
[ info ] [ PARAM ] array (
)
[ info ] [ SESSION ] INIT array (
  'id' => '',
  'var_session_id' => '',
  'prefix' => 'think',
  'type' => '',
  'auto_start' => true,
)
[ info ] [ BEHAVIOR ] Run \app\common\behavior\WebLog @module_init [ RunTime:0.005859s ]
[ info ] [ RUN ] app\admin\controller\Index->index[ D:\lp\WWW\tpAdmin\application\admin\controller\Index.php ]
[ info ] [ DB ] INIT mysql
[ info ] [ VIEW ] D:\lp\WWW\tpAdmin\public/../application/admin\view\index\index.html [ array (
  0 => 'groups',
  1 => 'menu',
) ]
[ info ] [ RUN ] app\admin\widget\Index->menu[ D:\lp\WWW\tpAdmin\application\admin\widget\Index.php ]
[ info ] [ RUN ] app\admin\widget\Index->menu[ D:\lp\WWW\tpAdmin\application\admin\widget\Index.php ]
[ info ] [ RUN ] app\admin\widget\Index->menu[ D:\lp\WWW\tpAdmin\application\admin\widget\Index.php ]
[ info ] [ RUN ] app\admin\widget\Index->menu[ D:\lp\WWW\tpAdmin\application\admin\widget\Index.php ]
[ info ] [ RUN ] app\admin\widget\Index->menu[ D:\lp\WWW\tpAdmin\application\admin\widget\Index.php ]
[ info ] [ RUN ] app\admin\widget\Index->menu[ D:\lp\WWW\tpAdmin\application\admin\widget\Index.php ]
[ info ] [ RUN ] app\admin\widget\Index->menu[ D:\lp\WWW\tpAdmin\application\admin\widget\Index.php ]
[ info ] [ RUN ] app\admin\widget\Index->menu[ D:\lp\WWW\tpAdmin\application\admin\widget\Index.php ]
[ info ] [ RUN ] app\admin\widget\Index->menu[ D:\lp\WWW\tpAdmin\application\admin\widget\Index.php ]
[ info ] [ RUN ] app\admin\widget\Index->menu[ D:\lp\WWW\tpAdmin\application\admin\widget\Index.php ]
[ info ] [ RUN ] app\admin\widget\Index->menu[ D:\lp\WWW\tpAdmin\application\admin\widget\Index.php ]
[ info ] [ RUN ] app\admin\widget\Index->menu[ D:\lp\WWW\tpAdmin\application\admin\widget\Index.php ]
[ info ] [ RUN ] app\admin\widget\Index->menu[ D:\lp\WWW\tpAdmin\application\admin\widget\Index.php ]
[ info ] [ RUN ] app\admin\widget\Index->menu[ D:\lp\WWW\tpAdmin\application\admin\widget\Index.php ]
[ info ] [ RUN ] app\admin\widget\Index->menu[ D:\lp\WWW\tpAdmin\application\admin\widget\Index.php ]
[ info ] [ RUN ] app\admin\widget\Index->menu[ D:\lp\WWW\tpAdmin\application\admin\widget\Index.php ]
[ info ] [ RUN ] app\admin\widget\Index->menu[ D:\lp\WWW\tpAdmin\application\admin\widget\Index.php ]
[ info ] [ RUN ] app\admin\widget\Index->menu[ D:\lp\WWW\tpAdmin\application\admin\widget\Index.php ]
[ info ] [ RUN ] app\admin\widget\Index->menu[ D:\lp\WWW\tpAdmin\application\admin\widget\Index.php ]
[ info ] [ RUN ] app\admin\widget\Index->menu[ D:\lp\WWW\tpAdmin\application\admin\widget\Index.php ]
[ info ] [ RUN ] app\admin\widget\Index->menu[ D:\lp\WWW\tpAdmin\application\admin\widget\Index.php ]
[ info ] [ RUN ] app\admin\widget\Index->menu[ D:\lp\WWW\tpAdmin\application\admin\widget\Index.php ]
[ info ] [ RUN ] app\admin\widget\Index->menu[ D:\lp\WWW\tpAdmin\application\admin\widget\Index.php ]
[ info ] [ RUN ] app\admin\widget\Index->menu[ D:\lp\WWW\tpAdmin\application\admin\widget\Index.php ]
[ info ] [ RUN ] app\admin\widget\Index->menu[ D:\lp\WWW\tpAdmin\application\admin\widget\Index.php ]
[ info ] [ BEHAVIOR ] Run \app\common\behavior\WebLog @app_end [ RunTime:0.010742s ]
[ info ] [ LOG ] INIT File
[ sql ] [ DB ] CONNECT:[ UseTime:0.002929s ] mysql:dbname=xunjia;host=127.0.0.1;charset=utf8
[ sql ] [ SQL ] SHOW COLUMNS FROM `tp_admin_node` [ RunTime:0.009766s ]
[ sql ] [ SQL ] SELECT `id`,`pid`,`name`,`group_id`,`title`,`type` FROM `tp_admin_node` WHERE  (  status=1 AND group_id > 0 ) [ RunTime:0.000977s ]
[ sql ] [ SQL ] SHOW COLUMNS FROM `tp_admin_group` [ RunTime:0.009765s ]
[ sql ] [ SQL ] SELECT `id`,`name`,`icon` FROM `tp_admin_group` WHERE  `id` IN (1,2,3,5)  AND `status` = 1 ORDER BY sort asc,id asc [ RunTime:0.000977s ]
[ sql ] [ SQL ] SHOW COLUMNS FROM `tp_web_log_all` [ RunTime:0.009765s ]
[ sql ] [ SQL ] INSERT INTO `tp_web_log_all` (`uid` , `ip` , `location` , `os` , `browser` , `url` , `module` , `controller` , `action` , `method` , `data` , `create_at`) VALUES (1 , '127.0.0.1' , '本机地址 本机地址  ' , 'Windows 7' , 'Chrome(70.0.3538.110)' , 'http://www.xunjia.net/index.php/admin/index/index.html' , 'admin' , 'Index' , 'index' , 'GET' , 'a:0:{}' , 1546687573) [ RunTime:0.000000s ]

---------------------------------------------------------------
[ 2019-01-05T19:26:13+08:00 ] 127.0.0.1 127.0.0.1 GET /index.php/admin/index/welcome.html
[ log ] www.xunjia.net/index.php/admin/index/welcome.html [运行时间：0.066407s][吞吐率：15.06req/s] [内存消耗：6,153.53kb] [文件加载：70]
[ info ] [ LANG ] D:\lp\WWW\tpAdmin\thinkphp\lang\zh-cn.php
[ info ] [ ROUTE ] array (
  'type' => 'module',
  'module' => 
  array (
    0 => 'admin',
    1 => 'index',
    2 => 'welcome',
  ),
)
[ info ] [ HEADER ] array (
  'cookie' => 'thinkphp_show_page_trace=0|0; Hm_lvt_f8d0a8c400404989e195270b0bbf060a=1546509567,1546564875; PHPSESSID=9jh14dfpv1qiqqfnhbaphdj9h3',
  'accept-language' => 'zh-CN,zh;q=0.9',
  'accept-encoding' => 'gzip, deflate',
  'referer' => 'http://www.xunjia.net/index.php/admin/index/index.html',
  'accept' => 'text/html,application/xhtml+xml,application/xml;q=0.9,image/webp,image/apng,*/*;q=0.8',
  'user-agent' => 'Mozilla/5.0 (Windows NT 6.1; Win64; x64) AppleWebKit/537.36 (KHTML, like Gecko) Chrome/70.0.3538.110 Safari/537.36',
  'upgrade-insecure-requests' => '1',
  'connection' => 'close',
  'host' => 'www.xunjia.net',
)
[ info ] [ PARAM ] array (
)
[ info ] [ SESSION ] INIT array (
  'id' => '',
  'var_session_id' => '',
  'prefix' => 'think',
  'type' => '',
  'auto_start' => true,
)
[ info ] [ BEHAVIOR ] Run \app\common\behavior\WebLog @module_init [ RunTime:0.005860s ]
[ info ] [ RUN ] app\admin\controller\Index->welcome[ D:\lp\WWW\tpAdmin\application\admin\controller\Index.php ]
[ info ] [ DB ] INIT mysql
[ info ] [ VIEW ] D:\lp\WWW\tpAdmin\public/../application/admin\view\index\welcome.html [ array (
  0 => 'last_login_ip',
  1 => 'last_login_loc',
  2 => 'current_login_ip',
  3 => 'current_login_loc',
  4 => 'info',
) ]
[ info ] [ BEHAVIOR ] Run \app\common\behavior\WebLog @app_end [ RunTime:0.011718s ]
[ info ] [ LOG ] INIT File
[ sql ] [ DB ] CONNECT:[ UseTime:0.002930s ] mysql:dbname=xunjia;host=127.0.0.1;charset=utf8
[ sql ] [ SQL ] SHOW COLUMNS FROM `tp_admin_user` [ RunTime:0.010742s ]
[ sql ] [ SQL ] SELECT * FROM `tp_admin_user` WHERE  `id` = 1 LIMIT 1 [ RunTime:0.000976s ]
[ sql ] [ SQL ] SHOW COLUMNS FROM `tp_web_log_all` [ RunTime:0.010742s ]
[ sql ] [ SQL ] INSERT INTO `tp_web_log_all` (`uid` , `ip` , `location` , `os` , `browser` , `url` , `module` , `controller` , `action` , `method` , `data` , `create_at`) VALUES (1 , '127.0.0.1' , '本机地址 本机地址  ' , 'Windows 7' , 'Chrome(70.0.3538.110)' , 'http://www.xunjia.net/index.php/admin/index/welcome.html' , 'admin' , 'Index' , 'welcome' , 'GET' , 'a:0:{}' , 1546687573) [ RunTime:0.000976s ]

---------------------------------------------------------------
[ 2019-01-05T19:26:16+08:00 ] 127.0.0.1 127.0.0.1 GET /index.php/admin/about_us/index.html
[ log ] www.xunjia.net/index.php/admin/about_us/index.html [运行时间：0.043946s][吞吐率：22.76req/s] [内存消耗：5,800.48kb] [文件加载：74]
[ info ] [ LANG ] D:\lp\WWW\tpAdmin\thinkphp\lang\zh-cn.php
[ info ] [ ROUTE ] array (
  'type' => 'module',
  'module' => 
  array (
    0 => 'admin',
    1 => 'about_us',
    2 => 'index',
  ),
)
[ info ] [ HEADER ] array (
  'cookie' => 'thinkphp_show_page_trace=0|0; Hm_lvt_f8d0a8c400404989e195270b0bbf060a=1546509567,1546564875; PHPSESSID=9jh14dfpv1qiqqfnhbaphdj9h3',
  'accept-language' => 'zh-CN,zh;q=0.9',
  'accept-encoding' => 'gzip, deflate',
  'referer' => 'http://www.xunjia.net/index.php/admin/index/index.html',
  'accept' => 'text/html,application/xhtml+xml,application/xml;q=0.9,image/webp,image/apng,*/*;q=0.8',
  'user-agent' => 'Mozilla/5.0 (Windows NT 6.1; Win64; x64) AppleWebKit/537.36 (KHTML, like Gecko) Chrome/70.0.3538.110 Safari/537.36',
  'upgrade-insecure-requests' => '1',
  'connection' => 'close',
  'host' => 'www.xunjia.net',
)
[ info ] [ PARAM ] array (
)
[ info ] [ SESSION ] INIT array (
  'id' => '',
  'var_session_id' => '',
  'prefix' => 'think',
  'type' => '',
  'auto_start' => true,
)
[ info ] [ BEHAVIOR ] Run \app\common\behavior\WebLog @module_init [ RunTime:0.005859s ]
[ info ] [ RUN ] app\admin\controller\AboutUs->index[ D:\lp\WWW\tpAdmin\application\admin\controller\AboutUs.php ]
[ info ] [ VIEW ] D:\lp\WWW\tpAdmin\public/../application/admin\view\about_us\index.html [ array (
) ]
[ info ] [ LOG ] INIT File
[ error ] [8]未定义变量: list[D:\lp\WWW\tpAdmin\runtime\temp\c4d8ff3eb61711ec8302b6a223f717c8.php:69]

---------------------------------------------------------------
[ 2019-01-05T19:26:39+08:00 ] 127.0.0.1 127.0.0.1 GET /index.php/admin/about_us/index.html
[ log ] www.xunjia.net/index.php/admin/about_us/index.html [运行时间：0.038086s][吞吐率：26.26req/s] [内存消耗：5,620.55kb] [文件加载：71]
[ info ] [ LANG ] D:\lp\WWW\tpAdmin\thinkphp\lang\zh-cn.php
[ info ] [ ROUTE ] array (
  'type' => 'module',
  'module' => 
  array (
    0 => 'admin',
    1 => 'about_us',
    2 => 'index',
  ),
)
[ info ] [ HEADER ] array (
  'cookie' => 'thinkphp_show_page_trace=0|0; Hm_lvt_f8d0a8c400404989e195270b0bbf060a=1546509567,1546564875; PHPSESSID=9jh14dfpv1qiqqfnhbaphdj9h3',
  'accept-language' => 'zh-CN,zh;q=0.9',
  'accept-encoding' => 'gzip, deflate',
  'referer' => 'http://www.xunjia.net/index.php/admin/index/index.html',
  'accept' => 'text/html,application/xhtml+xml,application/xml;q=0.9,image/webp,image/apng,*/*;q=0.8',
  'user-agent' => 'Mozilla/5.0 (Windows NT 6.1; Win64; x64) AppleWebKit/537.36 (KHTML, like Gecko) Chrome/70.0.3538.110 Safari/537.36',
  'upgrade-insecure-requests' => '1',
  'connection' => 'close',
  'host' => 'www.xunjia.net',
)
[ info ] [ PARAM ] array (
)
[ info ] [ SESSION ] INIT array (
  'id' => '',
  'var_session_id' => '',
  'prefix' => 'think',
  'type' => '',
  'auto_start' => true,
)
[ info ] [ BEHAVIOR ] Run \app\common\behavior\WebLog @module_init [ RunTime:0.004883s ]
[ info ] [ RUN ] app\admin\controller\AboutUs->index[ D:\lp\WWW\tpAdmin\application\admin\controller\AboutUs.php ]
[ info ] [ VIEW ] D:\lp\WWW\tpAdmin\public/../application/admin\view\about_us\index.html [ array (
) ]
[ info ] [ LOG ] INIT File
[ error ] [8]未定义变量: list[D:\lp\WWW\tpAdmin\runtime\temp\c4d8ff3eb61711ec8302b6a223f717c8.php:69]

---------------------------------------------------------------
[ 2019-01-05T19:28:22+08:00 ] 127.0.0.1 127.0.0.1 GET /index.php/admin/about_us/index.html
[ log ] www.xunjia.net/index.php/admin/about_us/index.html [运行时间：0.074218s][吞吐率：13.47req/s] [内存消耗：6,334.63kb] [文件加载：74]
[ info ] [ LANG ] D:\lp\WWW\tpAdmin\thinkphp\lang\zh-cn.php
[ info ] [ ROUTE ] array (
  'type' => 'module',
  'module' => 
  array (
    0 => 'admin',
    1 => 'about_us',
    2 => 'index',
  ),
)
[ info ] [ HEADER ] array (
  'cookie' => 'thinkphp_show_page_trace=0|0; Hm_lvt_f8d0a8c400404989e195270b0bbf060a=1546509567,1546564875; PHPSESSID=9jh14dfpv1qiqqfnhbaphdj9h3',
  'accept-language' => 'zh-CN,zh;q=0.9',
  'accept-encoding' => 'gzip, deflate',
  'referer' => 'http://www.xunjia.net/index.php/admin/index/index.html',
  'accept' => 'text/html,application/xhtml+xml,application/xml;q=0.9,image/webp,image/apng,*/*;q=0.8',
  'user-agent' => 'Mozilla/5.0 (Windows NT 6.1; Win64; x64) AppleWebKit/537.36 (KHTML, like Gecko) Chrome/70.0.3538.110 Safari/537.36',
  'upgrade-insecure-requests' => '1',
  'connection' => 'close',
  'host' => 'www.xunjia.net',
)
[ info ] [ PARAM ] array (
)
[ info ] [ SESSION ] INIT array (
  'id' => '',
  'var_session_id' => '',
  'prefix' => 'think',
  'type' => '',
  'auto_start' => true,
)
[ info ] [ BEHAVIOR ] Run \app\common\behavior\WebLog @module_init [ RunTime:0.005859s ]
[ info ] [ RUN ] app\admin\controller\AboutUs->index[ D:\lp\WWW\tpAdmin\application\admin\controller\AboutUs.php ]
[ info ] [ VIEW ] D:\lp\WWW\tpAdmin\public/../application/admin\view\about_us\index.html [ array (
) ]
[ info ] [ DB ] INIT mysql
[ info ] [ BEHAVIOR ] Run \app\common\behavior\WebLog @app_end [ RunTime:0.029296s ]
[ info ] [ LOG ] INIT File
[ sql ] [ DB ] CONNECT:[ UseTime:0.012695s ] mysql:dbname=xunjia;host=127.0.0.1;charset=utf8
[ sql ] [ SQL ] SHOW COLUMNS FROM `tp_web_log_all` [ RunTime:0.009766s ]
[ sql ] [ SQL ] INSERT INTO `tp_web_log_all` (`uid` , `ip` , `location` , `os` , `browser` , `url` , `module` , `controller` , `action` , `method` , `data` , `create_at`) VALUES (1 , '127.0.0.1' , '本机地址 本机地址  ' , 'Windows 7' , 'Chrome(70.0.3538.110)' , 'http://www.xunjia.net/index.php/admin/about_us/index.html' , 'admin' , 'AboutUs' , 'index' , 'GET' , 'a:0:{}' , 1546687702) [ RunTime:0.000000s ]

---------------------------------------------------------------
[ 2019-01-05T19:28:23+08:00 ] 127.0.0.1 127.0.0.1 GET /index.php/admin/about_us/index.html
[ log ] www.xunjia.net/index.php/admin/about_us/index.html [运行时间：0.051757s][吞吐率：19.32req/s] [内存消耗：6,159.04kb] [文件加载：71]
[ info ] [ LANG ] D:\lp\WWW\tpAdmin\thinkphp\lang\zh-cn.php
[ info ] [ ROUTE ] array (
  'type' => 'module',
  'module' => 
  array (
    0 => 'admin',
    1 => 'about_us',
    2 => 'index',
  ),
)
[ info ] [ HEADER ] array (
  'cookie' => 'thinkphp_show_page_trace=0|0; Hm_lvt_f8d0a8c400404989e195270b0bbf060a=1546509567,1546564875; PHPSESSID=9jh14dfpv1qiqqfnhbaphdj9h3',
  'accept-language' => 'zh-CN,zh;q=0.9',
  'accept-encoding' => 'gzip, deflate',
  'referer' => 'http://www.xunjia.net/index.php/admin/index/index.html',
  'accept' => 'text/html,application/xhtml+xml,application/xml;q=0.9,image/webp,image/apng,*/*;q=0.8',
  'user-agent' => 'Mozilla/5.0 (Windows NT 6.1; Win64; x64) AppleWebKit/537.36 (KHTML, like Gecko) Chrome/70.0.3538.110 Safari/537.36',
  'upgrade-insecure-requests' => '1',
  'connection' => 'close',
  'host' => 'www.xunjia.net',
)
[ info ] [ PARAM ] array (
)
[ info ] [ SESSION ] INIT array (
  'id' => '',
  'var_session_id' => '',
  'prefix' => 'think',
  'type' => '',
  'auto_start' => true,
)
[ info ] [ BEHAVIOR ] Run \app\common\behavior\WebLog @module_init [ RunTime:0.004883s ]
[ info ] [ RUN ] app\admin\controller\AboutUs->index[ D:\lp\WWW\tpAdmin\application\admin\controller\AboutUs.php ]
[ info ] [ VIEW ] D:\lp\WWW\tpAdmin\public/../application/admin\view\about_us\index.html [ array (
) ]
[ info ] [ DB ] INIT mysql
[ info ] [ BEHAVIOR ] Run \app\common\behavior\WebLog @app_end [ RunTime:0.019531s ]
[ info ] [ LOG ] INIT File
[ sql ] [ DB ] CONNECT:[ UseTime:0.002930s ] mysql:dbname=xunjia;host=127.0.0.1;charset=utf8
[ sql ] [ SQL ] SHOW COLUMNS FROM `tp_web_log_all` [ RunTime:0.009766s ]
[ sql ] [ SQL ] INSERT INTO `tp_web_log_all` (`uid` , `ip` , `location` , `os` , `browser` , `url` , `module` , `controller` , `action` , `method` , `data` , `create_at`) VALUES (1 , '127.0.0.1' , '本机地址 本机地址  ' , 'Windows 7' , 'Chrome(70.0.3538.110)' , 'http://www.xunjia.net/index.php/admin/about_us/index.html' , 'admin' , 'AboutUs' , 'index' , 'GET' , 'a:0:{}' , 1546687703) [ RunTime:0.000976s ]

---------------------------------------------------------------
[ 2019-01-05T19:28:24+08:00 ] 127.0.0.1 127.0.0.1 GET /index.php/admin/about_us/index.html
[ log ] www.xunjia.net/index.php/admin/about_us/index.html [运行时间：0.050781s][吞吐率：19.69req/s] [内存消耗：6,159.04kb] [文件加载：71]
[ info ] [ LANG ] D:\lp\WWW\tpAdmin\thinkphp\lang\zh-cn.php
[ info ] [ ROUTE ] array (
  'type' => 'module',
  'module' => 
  array (
    0 => 'admin',
    1 => 'about_us',
    2 => 'index',
  ),
)
[ info ] [ HEADER ] array (
  'cookie' => 'thinkphp_show_page_trace=0|0; Hm_lvt_f8d0a8c400404989e195270b0bbf060a=1546509567,1546564875; PHPSESSID=9jh14dfpv1qiqqfnhbaphdj9h3',
  'accept-language' => 'zh-CN,zh;q=0.9',
  'accept-encoding' => 'gzip, deflate',
  'referer' => 'http://www.xunjia.net/index.php/admin/index/index.html',
  'accept' => 'text/html,application/xhtml+xml,application/xml;q=0.9,image/webp,image/apng,*/*;q=0.8',
  'user-agent' => 'Mozilla/5.0 (Windows NT 6.1; Win64; x64) AppleWebKit/537.36 (KHTML, like Gecko) Chrome/70.0.3538.110 Safari/537.36',
  'upgrade-insecure-requests' => '1',
  'connection' => 'close',
  'host' => 'www.xunjia.net',
)
[ info ] [ PARAM ] array (
)
[ info ] [ SESSION ] INIT array (
  'id' => '',
  'var_session_id' => '',
  'prefix' => 'think',
  'type' => '',
  'auto_start' => true,
)
[ info ] [ BEHAVIOR ] Run \app\common\behavior\WebLog @module_init [ RunTime:0.004883s ]
[ info ] [ RUN ] app\admin\controller\AboutUs->index[ D:\lp\WWW\tpAdmin\application\admin\controller\AboutUs.php ]
[ info ] [ VIEW ] D:\lp\WWW\tpAdmin\public/../application/admin\view\about_us\index.html [ array (
) ]
[ info ] [ DB ] INIT mysql
[ info ] [ BEHAVIOR ] Run \app\common\behavior\WebLog @app_end [ RunTime:0.018555s ]
[ info ] [ LOG ] INIT File
[ sql ] [ DB ] CONNECT:[ UseTime:0.001953s ] mysql:dbname=xunjia;host=127.0.0.1;charset=utf8
[ sql ] [ SQL ] SHOW COLUMNS FROM `tp_web_log_all` [ RunTime:0.009766s ]
[ sql ] [ SQL ] INSERT INTO `tp_web_log_all` (`uid` , `ip` , `location` , `os` , `browser` , `url` , `module` , `controller` , `action` , `method` , `data` , `create_at`) VALUES (1 , '127.0.0.1' , '本机地址 本机地址  ' , 'Windows 7' , 'Chrome(70.0.3538.110)' , 'http://www.xunjia.net/index.php/admin/about_us/index.html' , 'admin' , 'AboutUs' , 'index' , 'GET' , 'a:0:{}' , 1546687704) [ RunTime:0.000000s ]

---------------------------------------------------------------
[ 2019-01-05T19:49:22+08:00 ] 127.0.0.1 127.0.0.1 GET /index.php/admin/index/index.html
[ log ] www.xunjia.net/index.php/admin/index/index.html [运行时间：0.092773s][吞吐率：10.78req/s] [内存消耗：6,208.35kb] [文件加载：72]
[ info ] [ LANG ] D:\lp\WWW\tpAdmin\thinkphp\lang\zh-cn.php
[ info ] [ ROUTE ] array (
  'type' => 'module',
  'module' => 
  array (
    0 => 'admin',
    1 => 'index',
    2 => 'index',
  ),
)
[ info ] [ HEADER ] array (
  'cookie' => 'thinkphp_show_page_trace=0|0; Hm_lvt_f8d0a8c400404989e195270b0bbf060a=1546509567,1546564875; PHPSESSID=9jh14dfpv1qiqqfnhbaphdj9h3',
  'accept-language' => 'zh-CN,zh;q=0.9',
  'accept-encoding' => 'gzip, deflate',
  'accept' => 'text/html,application/xhtml+xml,application/xml;q=0.9,image/webp,image/apng,*/*;q=0.8',
  'user-agent' => 'Mozilla/5.0 (Windows NT 6.1; Win64; x64) AppleWebKit/537.36 (KHTML, like Gecko) Chrome/70.0.3538.110 Safari/537.36',
  'upgrade-insecure-requests' => '1',
  'cache-control' => 'max-age=0',
  'connection' => 'close',
  'host' => 'www.xunjia.net',
)
[ info ] [ PARAM ] array (
)
[ info ] [ SESSION ] INIT array (
  'id' => '',
  'var_session_id' => '',
  'prefix' => 'think',
  'type' => '',
  'auto_start' => true,
)
[ info ] [ BEHAVIOR ] Run \app\common\behavior\WebLog @module_init [ RunTime:0.006836s ]
[ info ] [ RUN ] app\admin\controller\Index->index[ D:\lp\WWW\tpAdmin\application\admin\controller\Index.php ]
[ info ] [ DB ] INIT mysql
[ info ] [ VIEW ] D:\lp\WWW\tpAdmin\public/../application/admin\view\index\index.html [ array (
  0 => 'groups',
  1 => 'menu',
) ]
[ info ] [ RUN ] app\admin\widget\Index->menu[ D:\lp\WWW\tpAdmin\application\admin\widget\Index.php ]
[ info ] [ RUN ] app\admin\widget\Index->menu[ D:\lp\WWW\tpAdmin\application\admin\widget\Index.php ]
[ info ] [ RUN ] app\admin\widget\Index->menu[ D:\lp\WWW\tpAdmin\application\admin\widget\Index.php ]
[ info ] [ RUN ] app\admin\widget\Index->menu[ D:\lp\WWW\tpAdmin\application\admin\widget\Index.php ]
[ info ] [ RUN ] app\admin\widget\Index->menu[ D:\lp\WWW\tpAdmin\application\admin\widget\Index.php ]
[ info ] [ RUN ] app\admin\widget\Index->menu[ D:\lp\WWW\tpAdmin\application\admin\widget\Index.php ]
[ info ] [ RUN ] app\admin\widget\Index->menu[ D:\lp\WWW\tpAdmin\application\admin\widget\Index.php ]
[ info ] [ RUN ] app\admin\widget\Index->menu[ D:\lp\WWW\tpAdmin\application\admin\widget\Index.php ]
[ info ] [ RUN ] app\admin\widget\Index->menu[ D:\lp\WWW\tpAdmin\application\admin\widget\Index.php ]
[ info ] [ RUN ] app\admin\widget\Index->menu[ D:\lp\WWW\tpAdmin\application\admin\widget\Index.php ]
[ info ] [ RUN ] app\admin\widget\Index->menu[ D:\lp\WWW\tpAdmin\application\admin\widget\Index.php ]
[ info ] [ RUN ] app\admin\widget\Index->menu[ D:\lp\WWW\tpAdmin\application\admin\widget\Index.php ]
[ info ] [ RUN ] app\admin\widget\Index->menu[ D:\lp\WWW\tpAdmin\application\admin\widget\Index.php ]
[ info ] [ RUN ] app\admin\widget\Index->menu[ D:\lp\WWW\tpAdmin\application\admin\widget\Index.php ]
[ info ] [ RUN ] app\admin\widget\Index->menu[ D:\lp\WWW\tpAdmin\application\admin\widget\Index.php ]
[ info ] [ RUN ] app\admin\widget\Index->menu[ D:\lp\WWW\tpAdmin\application\admin\widget\Index.php ]
[ info ] [ RUN ] app\admin\widget\Index->menu[ D:\lp\WWW\tpAdmin\application\admin\widget\Index.php ]
[ info ] [ RUN ] app\admin\widget\Index->menu[ D:\lp\WWW\tpAdmin\application\admin\widget\Index.php ]
[ info ] [ RUN ] app\admin\widget\Index->menu[ D:\lp\WWW\tpAdmin\application\admin\widget\Index.php ]
[ info ] [ RUN ] app\admin\widget\Index->menu[ D:\lp\WWW\tpAdmin\application\admin\widget\Index.php ]
[ info ] [ RUN ] app\admin\widget\Index->menu[ D:\lp\WWW\tpAdmin\application\admin\widget\Index.php ]
[ info ] [ RUN ] app\admin\widget\Index->menu[ D:\lp\WWW\tpAdmin\application\admin\widget\Index.php ]
[ info ] [ RUN ] app\admin\widget\Index->menu[ D:\lp\WWW\tpAdmin\application\admin\widget\Index.php ]
[ info ] [ RUN ] app\admin\widget\Index->menu[ D:\lp\WWW\tpAdmin\application\admin\widget\Index.php ]
[ info ] [ RUN ] app\admin\widget\Index->menu[ D:\lp\WWW\tpAdmin\application\admin\widget\Index.php ]
[ info ] [ BEHAVIOR ] Run \app\common\behavior\WebLog @app_end [ RunTime:0.010742s ]
[ info ] [ LOG ] INIT File
[ sql ] [ DB ] CONNECT:[ UseTime:0.001953s ] mysql:dbname=xunjia;host=127.0.0.1;charset=utf8
[ sql ] [ SQL ] SHOW COLUMNS FROM `tp_admin_node` [ RunTime:0.010742s ]
[ sql ] [ SQL ] SELECT `id`,`pid`,`name`,`group_id`,`title`,`type` FROM `tp_admin_node` WHERE  (  status=1 AND group_id > 0 ) [ RunTime:0.000000s ]
[ sql ] [ SQL ] SHOW COLUMNS FROM `tp_admin_group` [ RunTime:0.009766s ]
[ sql ] [ SQL ] SELECT `id`,`name`,`icon` FROM `tp_admin_group` WHERE  `id` IN (1,2,3,5)  AND `status` = 1 ORDER BY sort asc,id asc [ RunTime:0.000976s ]
[ sql ] [ SQL ] SHOW COLUMNS FROM `tp_web_log_all` [ RunTime:0.009765s ]
[ sql ] [ SQL ] INSERT INTO `tp_web_log_all` (`uid` , `ip` , `location` , `os` , `browser` , `url` , `module` , `controller` , `action` , `method` , `data` , `create_at`) VALUES (1 , '127.0.0.1' , '本机地址 本机地址  ' , 'Windows 7' , 'Chrome(70.0.3538.110)' , 'http://www.xunjia.net/index.php/admin/index/index.html' , 'admin' , 'Index' , 'index' , 'GET' , 'a:0:{}' , 1546688962) [ RunTime:0.000000s ]

---------------------------------------------------------------
[ 2019-01-05T19:49:22+08:00 ] 127.0.0.1 127.0.0.1 GET /index.php/admin/index/welcome.html
[ log ] www.xunjia.net/index.php/admin/index/welcome.html [运行时间：0.079102s][吞吐率：12.64req/s] [内存消耗：6,153.53kb] [文件加载：70]
[ info ] [ LANG ] D:\lp\WWW\tpAdmin\thinkphp\lang\zh-cn.php
[ info ] [ ROUTE ] array (
  'type' => 'module',
  'module' => 
  array (
    0 => 'admin',
    1 => 'index',
    2 => 'welcome',
  ),
)
[ info ] [ HEADER ] array (
  'cookie' => 'thinkphp_show_page_trace=0|0; Hm_lvt_f8d0a8c400404989e195270b0bbf060a=1546509567,1546564875; PHPSESSID=9jh14dfpv1qiqqfnhbaphdj9h3',
  'accept-language' => 'zh-CN,zh;q=0.9',
  'accept-encoding' => 'gzip, deflate',
  'referer' => 'http://www.xunjia.net/index.php/admin/index/index.html',
  'accept' => 'text/html,application/xhtml+xml,application/xml;q=0.9,image/webp,image/apng,*/*;q=0.8',
  'user-agent' => 'Mozilla/5.0 (Windows NT 6.1; Win64; x64) AppleWebKit/537.36 (KHTML, like Gecko) Chrome/70.0.3538.110 Safari/537.36',
  'upgrade-insecure-requests' => '1',
  'connection' => 'close',
  'host' => 'www.xunjia.net',
)
[ info ] [ PARAM ] array (
)
[ info ] [ SESSION ] INIT array (
  'id' => '',
  'var_session_id' => '',
  'prefix' => 'think',
  'type' => '',
  'auto_start' => true,
)
[ info ] [ BEHAVIOR ] Run \app\common\behavior\WebLog @module_init [ RunTime:0.005859s ]
[ info ] [ RUN ] app\admin\controller\Index->welcome[ D:\lp\WWW\tpAdmin\application\admin\controller\Index.php ]
[ info ] [ DB ] INIT mysql
[ info ] [ VIEW ] D:\lp\WWW\tpAdmin\public/../application/admin\view\index\welcome.html [ array (
  0 => 'last_login_ip',
  1 => 'last_login_loc',
  2 => 'current_login_ip',
  3 => 'current_login_loc',
  4 => 'info',
) ]
[ info ] [ BEHAVIOR ] Run \app\common\behavior\WebLog @app_end [ RunTime:0.011719s ]
[ info ] [ LOG ] INIT File
[ sql ] [ DB ] CONNECT:[ UseTime:0.002930s ] mysql:dbname=xunjia;host=127.0.0.1;charset=utf8
[ sql ] [ SQL ] SHOW COLUMNS FROM `tp_admin_user` [ RunTime:0.010742s ]
[ sql ] [ SQL ] SELECT * FROM `tp_admin_user` WHERE  `id` = 1 LIMIT 1 [ RunTime:0.000000s ]
[ sql ] [ SQL ] SHOW COLUMNS FROM `tp_web_log_all` [ RunTime:0.009766s ]
[ sql ] [ SQL ] INSERT INTO `tp_web_log_all` (`uid` , `ip` , `location` , `os` , `browser` , `url` , `module` , `controller` , `action` , `method` , `data` , `create_at`) VALUES (1 , '127.0.0.1' , '本机地址 本机地址  ' , 'Windows 7' , 'Chrome(70.0.3538.110)' , 'http://www.xunjia.net/index.php/admin/index/welcome.html' , 'admin' , 'Index' , 'welcome' , 'GET' , 'a:0:{}' , 1546688962) [ RunTime:0.000977s ]

---------------------------------------------------------------
[ 2019-01-05T19:49:24+08:00 ] 127.0.0.1 127.0.0.1 GET /index.php/admin/industry_news/index.html
[ log ] www.xunjia.net/index.php/admin/industry_news/index.html [运行时间：0.082031s][吞吐率：12.19req/s] [内存消耗：6,412.26kb] [文件加载：76]
[ info ] [ LANG ] D:\lp\WWW\tpAdmin\thinkphp\lang\zh-cn.php
[ info ] [ ROUTE ] array (
  'type' => 'module',
  'module' => 
  array (
    0 => 'admin',
    1 => 'industry_news',
    2 => 'index',
  ),
)
[ info ] [ HEADER ] array (
  'cookie' => 'thinkphp_show_page_trace=0|0; Hm_lvt_f8d0a8c400404989e195270b0bbf060a=1546509567,1546564875; PHPSESSID=9jh14dfpv1qiqqfnhbaphdj9h3',
  'accept-language' => 'zh-CN,zh;q=0.9',
  'accept-encoding' => 'gzip, deflate',
  'referer' => 'http://www.xunjia.net/index.php/admin/index/index.html',
  'accept' => 'text/html,application/xhtml+xml,application/xml;q=0.9,image/webp,image/apng,*/*;q=0.8',
  'user-agent' => 'Mozilla/5.0 (Windows NT 6.1; Win64; x64) AppleWebKit/537.36 (KHTML, like Gecko) Chrome/70.0.3538.110 Safari/537.36',
  'upgrade-insecure-requests' => '1',
  'connection' => 'close',
  'host' => 'www.xunjia.net',
)
[ info ] [ PARAM ] array (
)
[ info ] [ SESSION ] INIT array (
  'id' => '',
  'var_session_id' => '',
  'prefix' => 'think',
  'type' => '',
  'auto_start' => true,
)
[ info ] [ BEHAVIOR ] Run \app\common\behavior\WebLog @module_init [ RunTime:0.005859s ]
[ info ] [ RUN ] app\admin\controller\IndustryNews->index[ D:\lp\WWW\tpAdmin\application\admin\traits\controller\Controller.php ]
[ info ] [ DB ] INIT mysql
[ info ] [ VIEW ] D:\lp\WWW\tpAdmin\public/../application/admin\view\industry_news\index.html [ array (
  0 => 'list',
  1 => 'count',
  2 => 'page',
  3 => 'numPerPage',
) ]
[ info ] [ BEHAVIOR ] Run \app\common\behavior\WebLog @app_end [ RunTime:0.011719s ]
[ info ] [ LOG ] INIT File
[ sql ] [ DB ] CONNECT:[ UseTime:0.001953s ] mysql:dbname=xunjia;host=127.0.0.1;charset=utf8
[ sql ] [ SQL ] SHOW COLUMNS FROM `tp_industry_news` [ RunTime:0.009765s ]
[ sql ] [ SQL ] SELECT COUNT(*) AS tp_count FROM `tp_industry_news` WHERE  `isdelete` = 0 LIMIT 1 [ RunTime:0.000000s ]
[ sql ] [ SQL ] SELECT * FROM `tp_industry_news` WHERE  `isdelete` = 0 ORDER BY id desc LIMIT 0,20 [ RunTime:0.000976s ]
[ sql ] [ SQL ] SHOW COLUMNS FROM `tp_web_log_all` [ RunTime:0.009766s ]
[ sql ] [ SQL ] INSERT INTO `tp_web_log_all` (`uid` , `ip` , `location` , `os` , `browser` , `url` , `module` , `controller` , `action` , `method` , `data` , `create_at`) VALUES (1 , '127.0.0.1' , '本机地址 本机地址  ' , 'Windows 7' , 'Chrome(70.0.3538.110)' , 'http://www.xunjia.net/index.php/admin/industry_news/index.html' , 'admin' , 'IndustryNews' , 'index' , 'GET' , 'a:0:{}' , 1546688964) [ RunTime:0.000976s ]

---------------------------------------------------------------
[ 2019-01-05T19:49:24+08:00 ] 127.0.0.1 127.0.0.1 GET /index.php/admin/industry_news/re
[ log ] www.xunjia.net/index.php/admin/industry_news/re [运行时间：0.048828s][吞吐率：20.48req/s] [内存消耗：5,569.25kb] [文件加载：68]
[ info ] [ LANG ] D:\lp\WWW\tpAdmin\thinkphp\lang\zh-cn.php
[ info ] [ ROUTE ] array (
  'type' => 'module',
  'module' => 
  array (
    0 => 'admin',
    1 => 'industry_news',
    2 => 're',
  ),
)
[ info ] [ HEADER ] array (
  'cookie' => 'thinkphp_show_page_trace=0|0; Hm_lvt_f8d0a8c400404989e195270b0bbf060a=1546509567,1546564875; PHPSESSID=9jh14dfpv1qiqqfnhbaphdj9h3',
  'accept-language' => 'zh-CN,zh;q=0.9',
  'accept-encoding' => 'gzip, deflate',
  'referer' => 'http://www.xunjia.net/index.php/admin/industry_news/index.html',
  'accept' => 'image/webp,image/apng,image/*,*/*;q=0.8',
  'user-agent' => 'Mozilla/5.0 (Windows NT 6.1; Win64; x64) AppleWebKit/537.36 (KHTML, like Gecko) Chrome/70.0.3538.110 Safari/537.36',
  'connection' => 'close',
  'host' => 'www.xunjia.net',
)
[ info ] [ PARAM ] array (
)
[ info ] [ SESSION ] INIT array (
  'id' => '',
  'var_session_id' => '',
  'prefix' => 'think',
  'type' => '',
  'auto_start' => true,
)
[ info ] [ BEHAVIOR ] Run \app\common\behavior\WebLog @module_init [ RunTime:0.006836s ]
[ info ] [ LOG ] INIT File

---------------------------------------------------------------
[ 2019-01-05T19:49:25+08:00 ] 127.0.0.1 127.0.0.1 GET /index.php/admin/industry_news/%E8%BF%87%E5%A5%BD%E5%87%A0%E4%B8%AA%E5%A5%BD%E5%87%A0%E4%B8%AA
[ log ] www.xunjia.net/index.php/admin/industry_news/%E8%BF%87%E5%A5%BD%E5%87%A0%E4%B8%AA%E5%A5%BD%E5%87%A0%E4%B8%AA [运行时间：0.047852s][吞吐率：20.90req/s] [内存消耗：5,569.48kb] [文件加载：68]
[ info ] [ LANG ] D:\lp\WWW\tpAdmin\thinkphp\lang\zh-cn.php
[ info ] [ ROUTE ] array (
  'type' => 'module',
  'module' => 
  array (
    0 => 'admin',
    1 => 'industry_news',
    2 => '过好几个好几个',
  ),
)
[ info ] [ HEADER ] array (
  'cookie' => 'thinkphp_show_page_trace=0|0; Hm_lvt_f8d0a8c400404989e195270b0bbf060a=1546509567,1546564875; PHPSESSID=9jh14dfpv1qiqqfnhbaphdj9h3',
  'accept-language' => 'zh-CN,zh;q=0.9',
  'accept-encoding' => 'gzip, deflate',
  'referer' => 'http://www.xunjia.net/index.php/admin/industry_news/index.html',
  'accept' => 'image/webp,image/apng,image/*,*/*;q=0.8',
  'user-agent' => 'Mozilla/5.0 (Windows NT 6.1; Win64; x64) AppleWebKit/537.36 (KHTML, like Gecko) Chrome/70.0.3538.110 Safari/537.36',
  'connection' => 'close',
  'host' => 'www.xunjia.net',
)
[ info ] [ PARAM ] array (
)
[ info ] [ SESSION ] INIT array (
  'id' => '',
  'var_session_id' => '',
  'prefix' => 'think',
  'type' => '',
  'auto_start' => true,
)
[ info ] [ BEHAVIOR ] Run \app\common\behavior\WebLog @module_init [ RunTime:0.006836s ]
[ info ] [ LOG ] INIT File

---------------------------------------------------------------
[ 2019-01-05T19:49:26+08:00 ] 127.0.0.1 127.0.0.1 GET /index.php/admin/about_us/index.html
[ log ] www.xunjia.net/index.php/admin/about_us/index.html [运行时间：0.070312s][吞吐率：14.22req/s] [内存消耗：6,340.31kb] [文件加载：74]
[ info ] [ LANG ] D:\lp\WWW\tpAdmin\thinkphp\lang\zh-cn.php
[ info ] [ ROUTE ] array (
  'type' => 'module',
  'module' => 
  array (
    0 => 'admin',
    1 => 'about_us',
    2 => 'index',
  ),
)
[ info ] [ HEADER ] array (
  'cookie' => 'thinkphp_show_page_trace=0|0; Hm_lvt_f8d0a8c400404989e195270b0bbf060a=1546509567,1546564875; PHPSESSID=9jh14dfpv1qiqqfnhbaphdj9h3',
  'accept-language' => 'zh-CN,zh;q=0.9',
  'accept-encoding' => 'gzip, deflate',
  'referer' => 'http://www.xunjia.net/index.php/admin/index/index.html',
  'accept' => 'text/html,application/xhtml+xml,application/xml;q=0.9,image/webp,image/apng,*/*;q=0.8',
  'user-agent' => 'Mozilla/5.0 (Windows NT 6.1; Win64; x64) AppleWebKit/537.36 (KHTML, like Gecko) Chrome/70.0.3538.110 Safari/537.36',
  'upgrade-insecure-requests' => '1',
  'connection' => 'close',
  'host' => 'www.xunjia.net',
)
[ info ] [ PARAM ] array (
)
[ info ] [ SESSION ] INIT array (
  'id' => '',
  'var_session_id' => '',
  'prefix' => 'think',
  'type' => '',
  'auto_start' => true,
)
[ info ] [ BEHAVIOR ] Run \app\common\behavior\WebLog @module_init [ RunTime:0.005859s ]
[ info ] [ RUN ] app\admin\controller\AboutUs->index[ D:\lp\WWW\tpAdmin\application\admin\controller\AboutUs.php ]
[ info ] [ VIEW ] D:\lp\WWW\tpAdmin\public/../application/admin\view\about_us\index.html [ array (
) ]
[ info ] [ DB ] INIT mysql
[ info ] [ BEHAVIOR ] Run \app\common\behavior\WebLog @app_end [ RunTime:0.020508s ]
[ info ] [ LOG ] INIT File
[ sql ] [ DB ] CONNECT:[ UseTime:0.002929s ] mysql:dbname=xunjia;host=127.0.0.1;charset=utf8
[ sql ] [ SQL ] SHOW COLUMNS FROM `tp_web_log_all` [ RunTime:0.009766s ]
[ sql ] [ SQL ] INSERT INTO `tp_web_log_all` (`uid` , `ip` , `location` , `os` , `browser` , `url` , `module` , `controller` , `action` , `method` , `data` , `create_at`) VALUES (1 , '127.0.0.1' , '本机地址 本机地址  ' , 'Windows 7' , 'Chrome(70.0.3538.110)' , 'http://www.xunjia.net/index.php/admin/about_us/index.html' , 'admin' , 'AboutUs' , 'index' , 'GET' , 'a:0:{}' , 1546688966) [ RunTime:0.000000s ]

---------------------------------------------------------------
[ 2019-01-05T19:49:27+08:00 ] 127.0.0.1 127.0.0.1 GET /index.php/admin/ueditor/index.html?action=config&&noCache=1546688966977
[ log ] www.xunjia.net/index.php/admin/ueditor/index.html?action=config&&noCache=1546688966977 [运行时间：0.055664s][吞吐率：17.96req/s] [内存消耗：5,760.95kb] [文件加载：61]
[ info ] [ LANG ] D:\lp\WWW\tpAdmin\thinkphp\lang\zh-cn.php
[ info ] [ ROUTE ] array (
  'type' => 'module',
  'module' => 
  array (
    0 => 'admin',
    1 => 'ueditor',
    2 => 'index',
  ),
)
[ info ] [ HEADER ] array (
  'cookie' => 'Hm_lvt_f8d0a8c400404989e195270b0bbf060a=1546509567,1546564875; PHPSESSID=9jh14dfpv1qiqqfnhbaphdj9h3',
  'accept-language' => 'zh-CN,zh;q=0.9',
  'accept-encoding' => 'gzip, deflate',
  'referer' => 'http://www.xunjia.net/index.php/admin/about_us/index.html',
  'accept' => '*/*',
  'user-agent' => 'Mozilla/5.0 (Windows NT 6.1; Win64; x64) AppleWebKit/537.36 (KHTML, like Gecko) Chrome/70.0.3538.110 Safari/537.36',
  'connection' => 'close',
  'host' => 'www.xunjia.net',
)
[ info ] [ PARAM ] array (
  'action' => 'config',
  'noCache' => '1546688966977',
)
[ info ] [ SESSION ] INIT array (
  'id' => '',
  'var_session_id' => '',
  'prefix' => 'think',
  'type' => '',
  'auto_start' => true,
)
[ info ] [ BEHAVIOR ] Run \app\common\behavior\WebLog @module_init [ RunTime:0.006836s ]
[ info ] [ RUN ] app\admin\controller\Ueditor->index[ D:\lp\WWW\tpAdmin\application\admin\controller\Ueditor.php ]
[ info ] [ DB ] INIT mysql
[ info ] [ BEHAVIOR ] Run \app\common\behavior\WebLog @app_end [ RunTime:0.022461s ]
[ info ] [ LOG ] INIT File
[ sql ] [ DB ] CONNECT:[ UseTime:0.002929s ] mysql:dbname=xunjia;host=127.0.0.1;charset=utf8
[ sql ] [ SQL ] SHOW COLUMNS FROM `tp_web_log_all` [ RunTime:0.010743s ]
[ sql ] [ SQL ] INSERT INTO `tp_web_log_all` (`uid` , `ip` , `location` , `os` , `browser` , `url` , `module` , `controller` , `action` , `method` , `data` , `create_at`) VALUES (1 , '127.0.0.1' , '本机地址 本机地址  ' , 'Windows 7' , 'Chrome(70.0.3538.110)' , 'http://www.xunjia.net/index.php/admin/ueditor/index.html?action=config&&noCache=1546688966977' , 'admin' , 'Ueditor' , 'index' , 'GET' , 'a:2:{s:6:\"action\";s:6:\"config\";s:7:\"noCache\";s:13:\"1546688966977\";}' , 1546688967) [ RunTime:0.000976s ]

---------------------------------------------------------------
