[ 2019-01-24T14:37:59+08:00 ] 127.0.0.1 127.0.0.1 GET /index/login/index
[ log ] admin.jiu.net/index/login/index [运行时间：0.186523s][吞吐率：5.36req/s] [内存消耗：5,434.12kb] [文件加载：56]
[ info ] [ LANG ] D:\lp\WWW\jiu\thinkphp\lang\zh-cn.php
[ info ] [ ROUTE ] array (
  'type' => 'module',
  'module' => 
  array (
    0 => 'index',
    1 => 'login',
    2 => 'index',
  ),
)
[ info ] [ HEADER ] array (
  'accept-language' => 'zh-CN,zh;q=0.9',
  'accept-encoding' => 'gzip, deflate',
  'accept' => 'text/html,application/xhtml+xml,application/xml;q=0.9,image/webp,image/apng,*/*;q=0.8',
  'user-agent' => 'Mozilla/5.0 (Windows NT 6.1; Win64; x64) AppleWebKit/537.36 (KHTML, like Gecko) Chrome/70.0.3538.110 Safari/537.36',
  'upgrade-insecure-requests' => '1',
  'connection' => 'close',
  'host' => 'admin.jiu.net',
)
[ info ] [ PARAM ] array (
)
[ info ] [ SESSION ] INIT array (
  'id' => '',
  'var_session_id' => '',
  'prefix' => 'think',
  'type' => '',
  'auto_start' => true,
)
[ info ] [ BEHAVIOR ] Run \app\common\behavior\WebLog @module_init [ RunTime:0.061524s ]
[ info ] [ RUN ] app\index\controller\Login->index[ D:\lp\WWW\jiu\application\index\controller\Login.php ]
[ info ] [ LOG ] INIT File
[ error ] [2]Header may not contain more than a single header, new line detected[D:\lp\WWW\jiu\application\index\controller\Login.php:199]

---------------------------------------------------------------
[ 2019-01-24T14:37:59+08:00 ] 127.0.0.1 127.0.0.1 GET /favicon.ico
[ log ] admin.jiu.net/favicon.ico [运行时间：0.019531s][吞吐率：51.20req/s] [内存消耗：992.89kb] [文件加载：40]
[ info ] [ LANG ] D:\lp\WWW\jiu\thinkphp\lang\zh-cn.php
[ info ] [ ROUTE ] array (
  'type' => 'module',
  'module' => 
  array (
    0 => 'favicon.ico',
    1 => NULL,
    2 => NULL,
  ),
)
[ info ] [ HEADER ] array (
  'cookie' => 'PHPSESSID=2bcv21h0ojftkjqr10bdroi7u5',
  'accept-language' => 'zh-CN,zh;q=0.9',
  'accept-encoding' => 'gzip, deflate',
  'referer' => 'http://admin.jiu.net/index/login/index',
  'accept' => 'image/webp,image/apng,image/*,*/*;q=0.8',
  'user-agent' => 'Mozilla/5.0 (Windows NT 6.1; Win64; x64) AppleWebKit/537.36 (KHTML, like Gecko) Chrome/70.0.3538.110 Safari/537.36',
  'connection' => 'close',
  'host' => 'admin.jiu.net',
)
[ info ] [ PARAM ] array (
)
[ info ] [ LOG ] INIT File

---------------------------------------------------------------
[ 2019-01-24T14:38:12+08:00 ] 127.0.0.1 127.0.0.1 GET /index/share/index
[ log ] admin.jiu.net/index/share/index [运行时间：0.650390s][吞吐率：1.54req/s] [内存消耗：6,414.02kb] [文件加载：62]
[ info ] [ LANG ] D:\lp\WWW\jiu\thinkphp\lang\zh-cn.php
[ info ] [ ROUTE ] array (
  'type' => 'module',
  'module' => 
  array (
    0 => 'index',
    1 => 'share',
    2 => 'index',
  ),
)
[ info ] [ HEADER ] array (
  'cookie' => 'PHPSESSID=2bcv21h0ojftkjqr10bdroi7u5',
  'accept-language' => 'zh-CN,zh;q=0.9',
  'accept-encoding' => 'gzip, deflate',
  'accept' => 'text/html,application/xhtml+xml,application/xml;q=0.9,image/webp,image/apng,*/*;q=0.8',
  'user-agent' => 'Mozilla/5.0 (Windows NT 6.1; Win64; x64) AppleWebKit/537.36 (KHTML, like Gecko) Chrome/70.0.3538.110 Safari/537.36',
  'upgrade-insecure-requests' => '1',
  'connection' => 'close',
  'host' => 'admin.jiu.net',
)
[ info ] [ PARAM ] array (
)
[ info ] [ SESSION ] INIT array (
  'id' => '',
  'var_session_id' => '',
  'prefix' => 'think',
  'type' => '',
  'auto_start' => true,
)
[ info ] [ BEHAVIOR ] Run \app\common\behavior\WebLog @module_init [ RunTime:0.004883s ]
[ info ] [ RUN ] app\index\controller\Share->index[ D:\lp\WWW\jiu\application\index\controller\Share.php ]
[ info ] [ DB ] INIT mysql
[ info ] [ LOG ] INIT File
[ sql ] [ DB ] CONNECT:[ UseTime:0.013672s ] mysql:dbname=jiu;host=127.0.0.1;charset=utf8
[ sql ] [ SQL ] SHOW COLUMNS FROM `tp_share_num` [ RunTime:0.030274s ]
[ sql ] [ SQL ] SELECT `id`,`qrcode` FROM `tp_share_num` WHERE  `user_id` IS NULL LIMIT 1 [ RunTime:0.000976s ]
[ error ] [2]imagecreatefrompng(http://www.loungwangtouzi.com/public/Uploads/QRcode/1548311891.png): failed to open stream: HTTP request failed! HTTP/1.1 404 Not Found
[D:\lp\WWW\jiu\application\index\controller\Share.php:58]

---------------------------------------------------------------
[ 2019-01-24T14:38:13+08:00 ] 127.0.0.1 127.0.0.1 GET /index/share/index
[ log ] admin.jiu.net/index/share/index [运行时间：0.590820s][吞吐率：1.69req/s] [内存消耗：6,414.88kb] [文件加载：62]
[ info ] [ LANG ] D:\lp\WWW\jiu\thinkphp\lang\zh-cn.php
[ info ] [ ROUTE ] array (
  'type' => 'module',
  'module' => 
  array (
    0 => 'index',
    1 => 'share',
    2 => 'index',
  ),
)
[ info ] [ HEADER ] array (
  'cookie' => 'PHPSESSID=2bcv21h0ojftkjqr10bdroi7u5',
  'accept-language' => 'zh-CN,zh;q=0.9',
  'accept-encoding' => 'gzip, deflate',
  'accept' => 'text/html,application/xhtml+xml,application/xml;q=0.9,image/webp,image/apng,*/*;q=0.8',
  'user-agent' => 'Mozilla/5.0 (Windows NT 6.1; Win64; x64) AppleWebKit/537.36 (KHTML, like Gecko) Chrome/70.0.3538.110 Safari/537.36',
  'upgrade-insecure-requests' => '1',
  'cache-control' => 'max-age=0',
  'connection' => 'close',
  'host' => 'admin.jiu.net',
)
[ info ] [ PARAM ] array (
)
[ info ] [ SESSION ] INIT array (
  'id' => '',
  'var_session_id' => '',
  'prefix' => 'think',
  'type' => '',
  'auto_start' => true,
)
[ info ] [ BEHAVIOR ] Run \app\common\behavior\WebLog @module_init [ RunTime:0.005860s ]
[ info ] [ RUN ] app\index\controller\Share->index[ D:\lp\WWW\jiu\application\index\controller\Share.php ]
[ info ] [ DB ] INIT mysql
[ info ] [ LOG ] INIT File
[ sql ] [ DB ] CONNECT:[ UseTime:0.002930s ] mysql:dbname=jiu;host=127.0.0.1;charset=utf8
[ sql ] [ SQL ] SHOW COLUMNS FROM `tp_share_num` [ RunTime:0.010742s ]
[ sql ] [ SQL ] SELECT `id`,`qrcode` FROM `tp_share_num` WHERE  `user_id` IS NULL LIMIT 1 [ RunTime:0.000976s ]
[ error ] [2]imagecreatefrompng(http://www.loungwangtouzi.com/public/Uploads/QRcode/1548311892.png): failed to open stream: HTTP request failed! HTTP/1.1 404 Not Found
[D:\lp\WWW\jiu\application\index\controller\Share.php:58]

---------------------------------------------------------------
[ 2019-01-24T14:38:18+08:00 ] 127.0.0.1 127.0.0.1 GET /index/share/index
[ log ] admin.jiu.net/index/share/index [运行时间：0.611328s][吞吐率：1.64req/s] [内存消耗：6,414.88kb] [文件加载：62]
[ info ] [ LANG ] D:\lp\WWW\jiu\thinkphp\lang\zh-cn.php
[ info ] [ ROUTE ] array (
  'type' => 'module',
  'module' => 
  array (
    0 => 'index',
    1 => 'share',
    2 => 'index',
  ),
)
[ info ] [ HEADER ] array (
  'cookie' => 'PHPSESSID=2bcv21h0ojftkjqr10bdroi7u5',
  'accept-language' => 'zh-CN,zh;q=0.9',
  'accept-encoding' => 'gzip, deflate',
  'accept' => 'text/html,application/xhtml+xml,application/xml;q=0.9,image/webp,image/apng,*/*;q=0.8',
  'user-agent' => 'Mozilla/5.0 (Windows NT 6.1; Win64; x64) AppleWebKit/537.36 (KHTML, like Gecko) Chrome/70.0.3538.110 Safari/537.36',
  'upgrade-insecure-requests' => '1',
  'cache-control' => 'max-age=0',
  'connection' => 'close',
  'host' => 'admin.jiu.net',
)
[ info ] [ PARAM ] array (
)
[ info ] [ SESSION ] INIT array (
  'id' => '',
  'var_session_id' => '',
  'prefix' => 'think',
  'type' => '',
  'auto_start' => true,
)
[ info ] [ BEHAVIOR ] Run \app\common\behavior\WebLog @module_init [ RunTime:0.004883s ]
[ info ] [ RUN ] app\index\controller\Share->index[ D:\lp\WWW\jiu\application\index\controller\Share.php ]
[ info ] [ DB ] INIT mysql
[ info ] [ LOG ] INIT File
[ sql ] [ DB ] CONNECT:[ UseTime:0.001953s ] mysql:dbname=jiu;host=127.0.0.1;charset=utf8
[ sql ] [ SQL ] SHOW COLUMNS FROM `tp_share_num` [ RunTime:0.010742s ]
[ sql ] [ SQL ] SELECT `id`,`qrcode` FROM `tp_share_num` WHERE  `user_id` IS NULL LIMIT 1 [ RunTime:0.000000s ]
[ error ] [2]imagecreatefrompng(http://www.loungwangtouzi.com/public/Uploads/QRcode/1548311898.png): failed to open stream: HTTP request failed! HTTP/1.1 404 Not Found
[D:\lp\WWW\jiu\application\index\controller\Share.php:58]

---------------------------------------------------------------
[ 2019-01-24T14:38:48+08:00 ] 127.0.0.1 127.0.0.1 GET /index/share/index
[ log ] admin.jiu.net/index/share/index [运行时间：0.070312s][吞吐率：14.22req/s] [内存消耗：6,414.51kb] [文件加载：62]
[ info ] [ LANG ] D:\lp\WWW\jiu\thinkphp\lang\zh-cn.php
[ info ] [ ROUTE ] array (
  'type' => 'module',
  'module' => 
  array (
    0 => 'index',
    1 => 'share',
    2 => 'index',
  ),
)
[ info ] [ HEADER ] array (
  'cookie' => 'PHPSESSID=2bcv21h0ojftkjqr10bdroi7u5',
  'accept-language' => 'zh-CN,zh;q=0.9',
  'accept-encoding' => 'gzip, deflate',
  'accept' => 'text/html,application/xhtml+xml,application/xml;q=0.9,image/webp,image/apng,*/*;q=0.8',
  'user-agent' => 'Mozilla/5.0 (Windows NT 6.1; Win64; x64) AppleWebKit/537.36 (KHTML, like Gecko) Chrome/70.0.3538.110 Safari/537.36',
  'upgrade-insecure-requests' => '1',
  'cache-control' => 'max-age=0',
  'connection' => 'close',
  'host' => 'admin.jiu.net',
)
[ info ] [ PARAM ] array (
)
[ info ] [ SESSION ] INIT array (
  'id' => '',
  'var_session_id' => '',
  'prefix' => 'think',
  'type' => '',
  'auto_start' => true,
)
[ info ] [ BEHAVIOR ] Run \app\common\behavior\WebLog @module_init [ RunTime:0.005859s ]
[ info ] [ RUN ] app\index\controller\Share->index[ D:\lp\WWW\jiu\application\index\controller\Share.php ]
[ info ] [ DB ] INIT mysql
[ info ] [ LOG ] INIT File
[ sql ] [ DB ] CONNECT:[ UseTime:0.001953s ] mysql:dbname=jiu;host=127.0.0.1;charset=utf8
[ sql ] [ SQL ] SHOW COLUMNS FROM `tp_share_num` [ RunTime:0.009765s ]
[ sql ] [ SQL ] SELECT `id`,`qrcode` FROM `tp_share_num` WHERE  `user_id` IS NULL LIMIT 1 [ RunTime:0.000000s ]
[ error ] [2]imagecreatefrompng(__ROOT__/public/static/index/images/share.png): failed to open stream: No such file or directory[D:\lp\WWW\jiu\application\index\controller\Share.php:57]

---------------------------------------------------------------
[ 2019-01-24T14:38:52+08:00 ] 127.0.0.1 127.0.0.1 GET /index/share/index
[ log ] admin.jiu.net/index/share/index [运行时间：0.064453s][吞吐率：15.52req/s] [内存消耗：6,412.73kb] [文件加载：62]
[ info ] [ LANG ] D:\lp\WWW\jiu\thinkphp\lang\zh-cn.php
[ info ] [ ROUTE ] array (
  'type' => 'module',
  'module' => 
  array (
    0 => 'index',
    1 => 'share',
    2 => 'index',
  ),
)
[ info ] [ HEADER ] array (
  'cookie' => 'PHPSESSID=2bcv21h0ojftkjqr10bdroi7u5',
  'accept-language' => 'zh-CN,zh;q=0.9',
  'accept-encoding' => 'gzip, deflate',
  'accept' => 'text/html,application/xhtml+xml,application/xml;q=0.9,image/webp,image/apng,*/*;q=0.8',
  'user-agent' => 'Mozilla/5.0 (Windows NT 6.1; Win64; x64) AppleWebKit/537.36 (KHTML, like Gecko) Chrome/70.0.3538.110 Safari/537.36',
  'upgrade-insecure-requests' => '1',
  'cache-control' => 'max-age=0',
  'connection' => 'close',
  'host' => 'admin.jiu.net',
)
[ info ] [ PARAM ] array (
)
[ info ] [ SESSION ] INIT array (
  'id' => '',
  'var_session_id' => '',
  'prefix' => 'think',
  'type' => '',
  'auto_start' => true,
)
[ info ] [ BEHAVIOR ] Run \app\common\behavior\WebLog @module_init [ RunTime:0.004882s ]
[ info ] [ RUN ] app\index\controller\Share->index[ D:\lp\WWW\jiu\application\index\controller\Share.php ]
[ info ] [ DB ] INIT mysql
[ info ] [ LOG ] INIT File
[ sql ] [ DB ] CONNECT:[ UseTime:0.002929s ] mysql:dbname=jiu;host=127.0.0.1;charset=utf8
[ sql ] [ SQL ] SHOW COLUMNS FROM `tp_share_num` [ RunTime:0.010743s ]
[ sql ] [ SQL ] SELECT `id`,`qrcode` FROM `tp_share_num` WHERE  `user_id` IS NULL LIMIT 1 [ RunTime:0.000976s ]
[ error ] [2]imagecreatefrompng(__ROOT__/public/static/index/images/share.png): failed to open stream: No such file or directory[D:\lp\WWW\jiu\application\index\controller\Share.php:57]

---------------------------------------------------------------
[ 2019-01-24T14:38:53+08:00 ] 127.0.0.1 127.0.0.1 GET /index/login/index
[ log ] admin.jiu.net/index/login/index [运行时间：0.032227s][吞吐率：31.03req/s] [内存消耗：5,434.78kb] [文件加载：56]
[ info ] [ LANG ] D:\lp\WWW\jiu\thinkphp\lang\zh-cn.php
[ info ] [ ROUTE ] array (
  'type' => 'module',
  'module' => 
  array (
    0 => 'index',
    1 => 'login',
    2 => 'index',
  ),
)
[ info ] [ HEADER ] array (
  'cookie' => 'PHPSESSID=2bcv21h0ojftkjqr10bdroi7u5',
  'accept-language' => 'zh-CN,zh;q=0.9',
  'accept-encoding' => 'gzip, deflate',
  'accept' => 'text/html,application/xhtml+xml,application/xml;q=0.9,image/webp,image/apng,*/*;q=0.8',
  'user-agent' => 'Mozilla/5.0 (Windows NT 6.1; Win64; x64) AppleWebKit/537.36 (KHTML, like Gecko) Chrome/70.0.3538.110 Safari/537.36',
  'upgrade-insecure-requests' => '1',
  'connection' => 'close',
  'host' => 'admin.jiu.net',
)
[ info ] [ PARAM ] array (
)
[ info ] [ SESSION ] INIT array (
  'id' => '',
  'var_session_id' => '',
  'prefix' => 'think',
  'type' => '',
  'auto_start' => true,
)
[ info ] [ BEHAVIOR ] Run \app\common\behavior\WebLog @module_init [ RunTime:0.005859s ]
[ info ] [ RUN ] app\index\controller\Login->index[ D:\lp\WWW\jiu\application\index\controller\Login.php ]
[ info ] [ LOG ] INIT File
[ error ] [2]Header may not contain more than a single header, new line detected[D:\lp\WWW\jiu\application\index\controller\Login.php:199]

---------------------------------------------------------------
[ 2019-01-24T14:38:56+08:00 ] 127.0.0.1 127.0.0.1 GET /index/share/index
[ log ] admin.jiu.net/index/share/index [运行时间：0.071289s][吞吐率：14.03req/s] [内存消耗：6,412.32kb] [文件加载：62]
[ info ] [ LANG ] D:\lp\WWW\jiu\thinkphp\lang\zh-cn.php
[ info ] [ ROUTE ] array (
  'type' => 'module',
  'module' => 
  array (
    0 => 'index',
    1 => 'share',
    2 => 'index',
  ),
)
[ info ] [ HEADER ] array (
  'cookie' => 'PHPSESSID=2bcv21h0ojftkjqr10bdroi7u5',
  'accept-language' => 'zh-CN,zh;q=0.9',
  'accept-encoding' => 'gzip, deflate',
  'accept' => 'text/html,application/xhtml+xml,application/xml;q=0.9,image/webp,image/apng,*/*;q=0.8',
  'user-agent' => 'Mozilla/5.0 (Windows NT 6.1; Win64; x64) AppleWebKit/537.36 (KHTML, like Gecko) Chrome/70.0.3538.110 Safari/537.36',
  'upgrade-insecure-requests' => '1',
  'connection' => 'close',
  'host' => 'admin.jiu.net',
)
[ info ] [ PARAM ] array (
)
[ info ] [ SESSION ] INIT array (
  'id' => '',
  'var_session_id' => '',
  'prefix' => 'think',
  'type' => '',
  'auto_start' => true,
)
[ info ] [ BEHAVIOR ] Run \app\common\behavior\WebLog @module_init [ RunTime:0.004882s ]
[ info ] [ RUN ] app\index\controller\Share->index[ D:\lp\WWW\jiu\application\index\controller\Share.php ]
[ info ] [ DB ] INIT mysql
[ info ] [ LOG ] INIT File
[ sql ] [ DB ] CONNECT:[ UseTime:0.002929s ] mysql:dbname=jiu;host=127.0.0.1;charset=utf8
[ sql ] [ SQL ] SHOW COLUMNS FROM `tp_share_num` [ RunTime:0.010742s ]
[ sql ] [ SQL ] SELECT `id`,`qrcode` FROM `tp_share_num` WHERE  `user_id` IS NULL LIMIT 1 [ RunTime:0.000977s ]
[ error ] [2]imagecreatefrompng(__ROOT__/public/static/index/images/share.png): failed to open stream: No such file or directory[D:\lp\WWW\jiu\application\index\controller\Share.php:57]

---------------------------------------------------------------
[ 2019-01-24T14:38:56+08:00 ] 127.0.0.1 127.0.0.1 GET /index/share/index
[ log ] admin.jiu.net/index/share/index [运行时间：0.067382s][吞吐率：14.84req/s] [内存消耗：6,412.73kb] [文件加载：62]
[ info ] [ LANG ] D:\lp\WWW\jiu\thinkphp\lang\zh-cn.php
[ info ] [ ROUTE ] array (
  'type' => 'module',
  'module' => 
  array (
    0 => 'index',
    1 => 'share',
    2 => 'index',
  ),
)
[ info ] [ HEADER ] array (
  'cookie' => 'PHPSESSID=2bcv21h0ojftkjqr10bdroi7u5',
  'accept-language' => 'zh-CN,zh;q=0.9',
  'accept-encoding' => 'gzip, deflate',
  'accept' => 'text/html,application/xhtml+xml,application/xml;q=0.9,image/webp,image/apng,*/*;q=0.8',
  'user-agent' => 'Mozilla/5.0 (Windows NT 6.1; Win64; x64) AppleWebKit/537.36 (KHTML, like Gecko) Chrome/70.0.3538.110 Safari/537.36',
  'upgrade-insecure-requests' => '1',
  'cache-control' => 'max-age=0',
  'connection' => 'close',
  'host' => 'admin.jiu.net',
)
[ info ] [ PARAM ] array (
)
[ info ] [ SESSION ] INIT array (
  'id' => '',
  'var_session_id' => '',
  'prefix' => 'think',
  'type' => '',
  'auto_start' => true,
)
[ info ] [ BEHAVIOR ] Run \app\common\behavior\WebLog @module_init [ RunTime:0.005859s ]
[ info ] [ RUN ] app\index\controller\Share->index[ D:\lp\WWW\jiu\application\index\controller\Share.php ]
[ info ] [ DB ] INIT mysql
[ info ] [ LOG ] INIT File
[ sql ] [ DB ] CONNECT:[ UseTime:0.002929s ] mysql:dbname=jiu;host=127.0.0.1;charset=utf8
[ sql ] [ SQL ] SHOW COLUMNS FROM `tp_share_num` [ RunTime:0.012696s ]
[ sql ] [ SQL ] SELECT `id`,`qrcode` FROM `tp_share_num` WHERE  `user_id` IS NULL LIMIT 1 [ RunTime:0.000976s ]
[ error ] [2]imagecreatefrompng(__ROOT__/public/static/index/images/share.png): failed to open stream: No such file or directory[D:\lp\WWW\jiu\application\index\controller\Share.php:57]

---------------------------------------------------------------
[ 2019-01-24T14:39:01+08:00 ] 127.0.0.1 127.0.0.1 GET /index/share/index
[ log ] admin.jiu.net/index/share/index [运行时间：0.065430s][吞吐率：15.28req/s] [内存消耗：6,412.73kb] [文件加载：62]
[ info ] [ LANG ] D:\lp\WWW\jiu\thinkphp\lang\zh-cn.php
[ info ] [ ROUTE ] array (
  'type' => 'module',
  'module' => 
  array (
    0 => 'index',
    1 => 'share',
    2 => 'index',
  ),
)
[ info ] [ HEADER ] array (
  'cookie' => 'PHPSESSID=2bcv21h0ojftkjqr10bdroi7u5',
  'accept-language' => 'zh-CN,zh;q=0.9',
  'accept-encoding' => 'gzip, deflate',
  'accept' => 'text/html,application/xhtml+xml,application/xml;q=0.9,image/webp,image/apng,*/*;q=0.8',
  'user-agent' => 'Mozilla/5.0 (Windows NT 6.1; Win64; x64) AppleWebKit/537.36 (KHTML, like Gecko) Chrome/70.0.3538.110 Safari/537.36',
  'upgrade-insecure-requests' => '1',
  'cache-control' => 'max-age=0',
  'connection' => 'close',
  'host' => 'admin.jiu.net',
)
[ info ] [ PARAM ] array (
)
[ info ] [ SESSION ] INIT array (
  'id' => '',
  'var_session_id' => '',
  'prefix' => 'think',
  'type' => '',
  'auto_start' => true,
)
[ info ] [ BEHAVIOR ] Run \app\common\behavior\WebLog @module_init [ RunTime:0.005860s ]
[ info ] [ RUN ] app\index\controller\Share->index[ D:\lp\WWW\jiu\application\index\controller\Share.php ]
[ info ] [ DB ] INIT mysql
[ info ] [ LOG ] INIT File
[ sql ] [ DB ] CONNECT:[ UseTime:0.002930s ] mysql:dbname=jiu;host=127.0.0.1;charset=utf8
[ sql ] [ SQL ] SHOW COLUMNS FROM `tp_share_num` [ RunTime:0.010742s ]
[ sql ] [ SQL ] SELECT `id`,`qrcode` FROM `tp_share_num` WHERE  `user_id` IS NULL LIMIT 1 [ RunTime:0.000976s ]
[ error ] [2]imagecreatefrompng(__ROOT__/public/static/index/images/share.png): failed to open stream: No such file or directory[D:\lp\WWW\jiu\application\index\controller\Share.php:57]

---------------------------------------------------------------
[ 2019-01-24T14:39:31+08:00 ] 127.0.0.1 127.0.0.1 GET /index/share/index
[ log ] admin.jiu.net/index/share/index [运行时间：0.065430s][吞吐率：15.28req/s] [内存消耗：6,403.34kb] [文件加载：62]
[ info ] [ LANG ] D:\lp\WWW\jiu\thinkphp\lang\zh-cn.php
[ info ] [ ROUTE ] array (
  'type' => 'module',
  'module' => 
  array (
    0 => 'index',
    1 => 'share',
    2 => 'index',
  ),
)
[ info ] [ HEADER ] array (
  'cookie' => 'PHPSESSID=2bcv21h0ojftkjqr10bdroi7u5',
  'accept-language' => 'zh-CN,zh;q=0.9',
  'accept-encoding' => 'gzip, deflate',
  'accept' => 'text/html,application/xhtml+xml,application/xml;q=0.9,image/webp,image/apng,*/*;q=0.8',
  'user-agent' => 'Mozilla/5.0 (Windows NT 6.1; Win64; x64) AppleWebKit/537.36 (KHTML, like Gecko) Chrome/70.0.3538.110 Safari/537.36',
  'upgrade-insecure-requests' => '1',
  'cache-control' => 'max-age=0',
  'connection' => 'close',
  'host' => 'admin.jiu.net',
)
[ info ] [ PARAM ] array (
)
[ info ] [ SESSION ] INIT array (
  'id' => '',
  'var_session_id' => '',
  'prefix' => 'think',
  'type' => '',
  'auto_start' => true,
)
[ info ] [ BEHAVIOR ] Run \app\common\behavior\WebLog @module_init [ RunTime:0.005860s ]
[ info ] [ RUN ] app\index\controller\Share->index[ D:\lp\WWW\jiu\application\index\controller\Share.php ]
[ info ] [ DB ] INIT mysql
[ info ] [ LOG ] INIT File
[ sql ] [ DB ] CONNECT:[ UseTime:0.002930s ] mysql:dbname=jiu;host=127.0.0.1;charset=utf8
[ sql ] [ SQL ] SHOW COLUMNS FROM `tp_share_num` [ RunTime:0.010742s ]
[ sql ] [ SQL ] SELECT `id`,`qrcode` FROM `tp_share_num` WHERE  `user_id` IS NULL LIMIT 1 [ RunTime:0.000000s ]
[ error ] [2]imagecreatefrompng(__ROOT__/public/static/index/images/share.png): failed to open stream: No such file or directory[D:\lp\WWW\jiu\application\index\controller\Share.php:57]

---------------------------------------------------------------
[ 2019-01-24T16:29:04+08:00 ] 127.0.0.1 127.0.0.1 GET /index/login/index
[ log ] admin.jiu.net/index/login/index [运行时间：0.049804s][吞吐率：20.08req/s] [内存消耗：5,434.17kb] [文件加载：56]
[ info ] [ LANG ] D:\lp\WWW\jiu\thinkphp\lang\zh-cn.php
[ info ] [ ROUTE ] array (
  'type' => 'module',
  'module' => 
  array (
    0 => 'index',
    1 => 'login',
    2 => 'index',
  ),
)
[ info ] [ HEADER ] array (
  'accept-language' => 'zh-CN,zh;q=0.9',
  'accept-encoding' => 'gzip, deflate',
  'accept' => 'text/html,application/xhtml+xml,application/xml;q=0.9,image/webp,image/apng,*/*;q=0.8',
  'user-agent' => 'Mozilla/5.0 (Windows NT 6.1; Win64; x64) AppleWebKit/537.36 (KHTML, like Gecko) Chrome/70.0.3538.110 Safari/537.36',
  'upgrade-insecure-requests' => '1',
  'purpose' => 'prefetch',
  'connection' => 'close',
  'host' => 'admin.jiu.net',
)
[ info ] [ PARAM ] array (
)
[ info ] [ SESSION ] INIT array (
  'id' => '',
  'var_session_id' => '',
  'prefix' => 'think',
  'type' => '',
  'auto_start' => true,
)
[ info ] [ BEHAVIOR ] Run \app\common\behavior\WebLog @module_init [ RunTime:0.014648s ]
[ info ] [ RUN ] app\index\controller\Login->index[ D:\lp\WWW\jiu\application\index\controller\Login.php ]
[ info ] [ LOG ] INIT File
[ error ] [2]Header may not contain more than a single header, new line detected[D:\lp\WWW\jiu\application\index\controller\Login.php:199]

---------------------------------------------------------------
[ 2019-01-24T16:29:10+08:00 ] 127.0.0.1 127.0.0.1 GET /favicon.ico
[ log ] admin.jiu.net/favicon.ico [运行时间：0.020508s][吞吐率：48.76req/s] [内存消耗：992.88kb] [文件加载：40]
[ info ] [ LANG ] D:\lp\WWW\jiu\thinkphp\lang\zh-cn.php
[ info ] [ ROUTE ] array (
  'type' => 'module',
  'module' => 
  array (
    0 => 'favicon.ico',
    1 => NULL,
    2 => NULL,
  ),
)
[ info ] [ HEADER ] array (
  'cookie' => 'PHPSESSID=m0kpjrbuca8kl5ctg33imnbom6',
  'accept-language' => 'zh-CN,zh;q=0.9',
  'accept-encoding' => 'gzip, deflate',
  'referer' => 'http://admin.jiu.net/1.php',
  'accept' => 'image/webp,image/apng,image/*,*/*;q=0.8',
  'user-agent' => 'Mozilla/5.0 (Windows NT 6.1; Win64; x64) AppleWebKit/537.36 (KHTML, like Gecko) Chrome/70.0.3538.110 Safari/537.36',
  'connection' => 'close',
  'host' => 'admin.jiu.net',
)
[ info ] [ PARAM ] array (
)
[ info ] [ LOG ] INIT File

---------------------------------------------------------------
